CRITICAL - 2025-04-18 22:40:26 --> CodeIgniter\View\Exceptions\ViewException: Invalid file: "front-end/comercializacion.php"
[Method: GET, Route: comercializacion]
in SYSTEMPATH\Exceptions\FrameworkException.php on line 39.
 1 SYSTEMPATH\View\View.php(212): CodeIgniter\Exceptions\FrameworkException::forInvalidFile('front-end/comercializacion.php')
 2 SYSTEMPATH\Common.php(1173): CodeIgniter\View\View->render('front-end/comercializacion', [], true)
 3 APPPATH\Controllers\Home.php(26): view('front-end/comercializacion')
 4 SYSTEMPATH\CodeIgniter.php(933): App\Controllers\Home->comercializacion()
 5 SYSTEMPATH\CodeIgniter.php(507): CodeIgniter\CodeIgniter->runController(Object(App\Controllers\Home))
 6 SYSTEMPATH\CodeIgniter.php(354): CodeIgniter\CodeIgniter->handleRequest(null, Object(Config\Cache), false)
 7 SYSTEMPATH\Boot.php(334): CodeIgniter\CodeIgniter->run()
 8 SYSTEMPATH\Boot.php(67): CodeIgniter\Boot::runCodeIgniter(Object(CodeIgniter\CodeIgniter))
 9 FCPATH\index.php(56): CodeIgniter\Boot::bootWeb(Object(Config\Paths))
CRITICAL - 2025-04-18 22:40:38 --> CodeIgniter\View\Exceptions\ViewException: Invalid file: "front-end/comercializacion.php"
[Method: GET, Route: comercializacion]
in SYSTEMPATH\Exceptions\FrameworkException.php on line 39.
 1 SYSTEMPATH\View\View.php(212): CodeIgniter\Exceptions\FrameworkException::forInvalidFile('front-end/comercializacion.php')
 2 SYSTEMPATH\Common.php(1173): CodeIgniter\View\View->render('front-end/comercializacion', [], true)
 3 APPPATH\Controllers\Home.php(26): view('front-end/comercializacion')
 4 SYSTEMPATH\CodeIgniter.php(933): App\Controllers\Home->comercializacion()
 5 SYSTEMPATH\CodeIgniter.php(507): CodeIgniter\CodeIgniter->runController(Object(App\Controllers\Home))
 6 SYSTEMPATH\CodeIgniter.php(354): CodeIgniter\CodeIgniter->handleRequest(null, Object(Config\Cache), false)
 7 SYSTEMPATH\Boot.php(334): CodeIgniter\CodeIgniter->run()
 8 SYSTEMPATH\Boot.php(67): CodeIgniter\Boot::runCodeIgniter(Object(CodeIgniter\CodeIgniter))
 9 FCPATH\index.php(56): CodeIgniter\Boot::bootWeb(Object(Config\Paths))
CRITICAL - 2025-04-18 22:40:50 --> CodeIgniter\View\Exceptions\ViewException: Invalid file: "front-end/comercializacion.php"
[Method: GET, Route: comercializacion]
in SYSTEMPATH\Exceptions\FrameworkException.php on line 39.
 1 SYSTEMPATH\View\View.php(212): CodeIgniter\Exceptions\FrameworkException::forInvalidFile('front-end/comercializacion.php')
 2 SYSTEMPATH\Common.php(1173): CodeIgniter\View\View->render('front-end/comercializacion', [], true)
 3 APPPATH\Controllers\Home.php(26): view('front-end/comercializacion')
 4 SYSTEMPATH\CodeIgniter.php(933): App\Controllers\Home->comercializacion()
 5 SYSTEMPATH\CodeIgniter.php(507): CodeIgniter\CodeIgniter->runController(Object(App\Controllers\Home))
 6 SYSTEMPATH\CodeIgniter.php(354): CodeIgniter\CodeIgniter->handleRequest(null, Object(Config\Cache), false)
 7 SYSTEMPATH\Boot.php(334): CodeIgniter\CodeIgniter->run()
 8 SYSTEMPATH\Boot.php(67): CodeIgniter\Boot::runCodeIgniter(Object(CodeIgniter\CodeIgniter))
 9 FCPATH\index.php(56): CodeIgniter\Boot::bootWeb(Object(Config\Paths))
CRITICAL - 2025-04-18 22:41:00 --> CodeIgniter\View\Exceptions\ViewException: Invalid file: "front-end/comercializacion.php"
[Method: GET, Route: comercializacion]
in SYSTEMPATH\Exceptions\FrameworkException.php on line 39.
 1 SYSTEMPATH\View\View.php(212): CodeIgniter\Exceptions\FrameworkException::forInvalidFile('front-end/comercializacion.php')
 2 SYSTEMPATH\Common.php(1173): CodeIgniter\View\View->render('front-end/comercializacion', [], true)
 3 APPPATH\Controllers\Home.php(26): view('front-end/comercializacion')
 4 SYSTEMPATH\CodeIgniter.php(933): App\Controllers\Home->comercializacion()
 5 SYSTEMPATH\CodeIgniter.php(507): CodeIgniter\CodeIgniter->runController(Object(App\Controllers\Home))
 6 SYSTEMPATH\CodeIgniter.php(354): CodeIgniter\CodeIgniter->handleRequest(null, Object(Config\Cache), false)
 7 SYSTEMPATH\Boot.php(334): CodeIgniter\CodeIgniter->run()
 8 SYSTEMPATH\Boot.php(67): CodeIgniter\Boot::runCodeIgniter(Object(CodeIgniter\CodeIgniter))
 9 FCPATH\index.php(56): CodeIgniter\Boot::bootWeb(Object(Config\Paths))
CRITICAL - 2025-04-18 22:41:23 --> CodeIgniter\View\Exceptions\ViewException: Invalid file: "front-end/comercializacion.php"
[Method: GET, Route: comercializacion]
in SYSTEMPATH\Exceptions\FrameworkException.php on line 39.
 1 SYSTEMPATH\View\View.php(212): CodeIgniter\Exceptions\FrameworkException::forInvalidFile('front-end/comercializacion.php')
 2 SYSTEMPATH\Common.php(1173): CodeIgniter\View\View->render('front-end/comercializacion', [], true)
 3 APPPATH\Controllers\Home.php(26): view('front-end/comercializacion')
 4 SYSTEMPATH\CodeIgniter.php(933): App\Controllers\Home->comercializacion()
 5 SYSTEMPATH\CodeIgniter.php(507): CodeIgniter\CodeIgniter->runController(Object(App\Controllers\Home))
 6 SYSTEMPATH\CodeIgniter.php(354): CodeIgniter\CodeIgniter->handleRequest(null, Object(Config\Cache), false)
 7 SYSTEMPATH\Boot.php(334): CodeIgniter\CodeIgniter->run()
 8 SYSTEMPATH\Boot.php(67): CodeIgniter\Boot::runCodeIgniter(Object(CodeIgniter\CodeIgniter))
 9 FCPATH\index.php(56): CodeIgniter\Boot::bootWeb(Object(Config\Paths))
CRITICAL - 2025-04-18 22:42:44 --> CodeIgniter\View\Exceptions\ViewException: Invalid file: "front-end/comercializacion.php"
[Method: GET, Route: comercializacion]
in SYSTEMPATH\Exceptions\FrameworkException.php on line 39.
 1 SYSTEMPATH\View\View.php(212): CodeIgniter\Exceptions\FrameworkException::forInvalidFile('front-end/comercializacion.php')
 2 SYSTEMPATH\Common.php(1173): CodeIgniter\View\View->render('front-end/comercializacion', [], true)
 3 APPPATH\Controllers\Home.php(26): view('front-end/comercializacion')
 4 SYSTEMPATH\CodeIgniter.php(933): App\Controllers\Home->comercializacion()
 5 SYSTEMPATH\CodeIgniter.php(507): CodeIgniter\CodeIgniter->runController(Object(App\Controllers\Home))
 6 SYSTEMPATH\CodeIgniter.php(354): CodeIgniter\CodeIgniter->handleRequest(null, Object(Config\Cache), false)
 7 SYSTEMPATH\Boot.php(334): CodeIgniter\CodeIgniter->run()
 8 SYSTEMPATH\Boot.php(67): CodeIgniter\Boot::runCodeIgniter(Object(CodeIgniter\CodeIgniter))
 9 FCPATH\index.php(56): CodeIgniter\Boot::bootWeb(Object(Config\Paths))
CRITICAL - 2025-04-18 22:43:11 --> CodeIgniter\View\Exceptions\ViewException: Invalid file: "front-end/comercializacion.php"
[Method: GET, Route: comercializacion]
in SYSTEMPATH\Exceptions\FrameworkException.php on line 39.
 1 SYSTEMPATH\View\View.php(212): CodeIgniter\Exceptions\FrameworkException::forInvalidFile('front-end/comercializacion.php')
 2 SYSTEMPATH\Common.php(1173): CodeIgniter\View\View->render('front-end/comercializacion', [], true)
 3 APPPATH\Controllers\Home.php(26): view('front-end/comercializacion')
 4 SYSTEMPATH\CodeIgniter.php(933): App\Controllers\Home->comercializacion()
 5 SYSTEMPATH\CodeIgniter.php(507): CodeIgniter\CodeIgniter->runController(Object(App\Controllers\Home))
 6 SYSTEMPATH\CodeIgniter.php(354): CodeIgniter\CodeIgniter->handleRequest(null, Object(Config\Cache), false)
 7 SYSTEMPATH\Boot.php(334): CodeIgniter\CodeIgniter->run()
 8 SYSTEMPATH\Boot.php(67): CodeIgniter\Boot::runCodeIgniter(Object(CodeIgniter\CodeIgniter))
 9 FCPATH\index.php(56): CodeIgniter\Boot::bootWeb(Object(Config\Paths))
CRITICAL - 2025-04-18 22:43:32 --> CodeIgniter\View\Exceptions\ViewException: Invalid file: "front-end/comercializacion.php"
[Method: GET, Route: comercializacion]
in SYSTEMPATH\Exceptions\FrameworkException.php on line 39.
 1 SYSTEMPATH\View\View.php(212): CodeIgniter\Exceptions\FrameworkException::forInvalidFile('front-end/comercializacion.php')
 2 SYSTEMPATH\Common.php(1173): CodeIgniter\View\View->render('front-end/comercializacion', [], true)
 3 APPPATH\Controllers\Home.php(26): view('front-end/comercializacion')
 4 SYSTEMPATH\CodeIgniter.php(933): App\Controllers\Home->comercializacion()
 5 SYSTEMPATH\CodeIgniter.php(507): CodeIgniter\CodeIgniter->runController(Object(App\Controllers\Home))
 6 SYSTEMPATH\CodeIgniter.php(354): CodeIgniter\CodeIgniter->handleRequest(null, Object(Config\Cache), false)
 7 SYSTEMPATH\Boot.php(334): CodeIgniter\CodeIgniter->run()
 8 SYSTEMPATH\Boot.php(67): CodeIgniter\Boot::runCodeIgniter(Object(CodeIgniter\CodeIgniter))
 9 FCPATH\index.php(56): CodeIgniter\Boot::bootWeb(Object(Config\Paths))
