CRITICAL - 2025-05-20 12:41:10 --> ErrorException: Undefined variable $validation
[Method: GET, Route: contacto]
in APPPATH\Views\front-end\Contacto_view.php on line 7.
 1 APPPATH\Views\front-end\Contacto_view.php(7): CodeIgniter\Debug\Exceptions->errorHandler(2, 'Undefined variable $validation', 'C:\\xampp\\htdocs\\Integrador_FernandezMercedesS._Arduino_de_MichielisA.Fiorella\\app\\Views\\front-end\\Contacto_view.php', 7)
 2 SYSTEMPATH\View\View.php(224): include('C:\\xampp\\htdocs\\Integrador_FernandezMercedesS._Arduino_de_MichielisA.Fiorella\\app\\Views\\front-end\\Contacto_view.php')
 3 SYSTEMPATH\View\View.php(227): CodeIgniter\View\View->CodeIgniter\View\{closure}()
 4 SYSTEMPATH\Common.php(1173): CodeIgniter\View\View->render('front-end/Contacto_view', [], true)
 5 APPPATH\Controllers\Home.php(21): view('front-end/Contacto_view')
 6 SYSTEMPATH\CodeIgniter.php(933): App\Controllers\Home->contacto()
 7 SYSTEMPATH\CodeIgniter.php(507): CodeIgniter\CodeIgniter->runController(Object(App\Controllers\Home))
 8 SYSTEMPATH\CodeIgniter.php(354): CodeIgniter\CodeIgniter->handleRequest(null, Object(Config\Cache), false)
 9 SYSTEMPATH\Boot.php(334): CodeIgniter\CodeIgniter->run()
10 SYSTEMPATH\Boot.php(67): CodeIgniter\Boot::runCodeIgniter(Object(CodeIgniter\CodeIgniter))
11 FCPATH\index.php(56): CodeIgniter\Boot::bootWeb(Object(Config\Paths))
DEBUG - 2025-05-20 12:44:40 --> Session: Class initialized using 'CodeIgniter\Session\Handlers\FileHandler' driver.
DEBUG - 2025-05-20 12:47:27 --> Session: Class initialized using 'CodeIgniter\Session\Handlers\FileHandler' driver.
DEBUG - 2025-05-20 12:55:17 --> Session: Class initialized using 'CodeIgniter\Session\Handlers\FileHandler' driver.
DEBUG - 2025-05-20 12:57:09 --> Session: Class initialized using 'CodeIgniter\Session\Handlers\FileHandler' driver.
DEBUG - 2025-05-20 12:57:40 --> Session: Class initialized using 'CodeIgniter\Session\Handlers\FileHandler' driver.
DEBUG - 2025-05-20 12:57:51 --> Session: Class initialized using 'CodeIgniter\Session\Handlers\FileHandler' driver.
DEBUG - 2025-05-20 12:58:54 --> Session: Class initialized using 'CodeIgniter\Session\Handlers\FileHandler' driver.
DEBUG - 2025-05-20 12:58:57 --> Session: Class initialized using 'CodeIgniter\Session\Handlers\FileHandler' driver.
DEBUG - 2025-05-20 12:59:06 --> Session: Class initialized using 'CodeIgniter\Session\Handlers\FileHandler' driver.
DEBUG - 2025-05-20 13:03:02 --> Session: Class initialized using 'CodeIgniter\Session\Handlers\FileHandler' driver.
DEBUG - 2025-05-20 13:05:30 --> Session: Class initialized using 'CodeIgniter\Session\Handlers\FileHandler' driver.
ERROR - 2025-05-20 13:09:11 --> Error connecting to the database: mysqli_sql_exception: Unknown database 'bd_fernandezmercedess__arduino_de_michielisa_fiorella' in C:\xampp\htdocs\Integrador_FernandezMercedesS._Arduino_de_MichielisA.Fiorella\system\Database\MySQLi\Connection.php:201
Stack trace:
#0 C:\xampp\htdocs\Integrador_FernandezMercedesS._Arduino_de_MichielisA.Fiorella\system\Database\MySQLi\Connection.php(201): mysqli->real_connect('localhost', 'root', Object(SensitiveParameterValue), 'bd_fernandezmer...', 3306, '', 0)
#1 C:\xampp\htdocs\Integrador_FernandezMercedesS._Arduino_de_MichielisA.Fiorella\system\Database\BaseConnection.php(421): CodeIgniter\Database\MySQLi\Connection->connect(false)
#2 C:\xampp\htdocs\Integrador_FernandezMercedesS._Arduino_de_MichielisA.Fiorella\system\Database\BaseConnection.php(620): CodeIgniter\Database\BaseConnection->initialize()
#3 C:\xampp\htdocs\Integrador_FernandezMercedesS._Arduino_de_MichielisA.Fiorella\system\Database\BaseBuilder.php(2345): CodeIgniter\Database\BaseConnection->query('INSERT INTO `me...', Array, false)
#4 C:\xampp\htdocs\Integrador_FernandezMercedesS._Arduino_de_MichielisA.Fiorella\system\Model.php(394): CodeIgniter\Database\BaseBuilder->insert()
#5 C:\xampp\htdocs\Integrador_FernandezMercedesS._Arduino_de_MichielisA.Fiorella\system\BaseModel.php(839): CodeIgniter\Model->doInsert(Array)
#6 C:\xampp\htdocs\Integrador_FernandezMercedesS._Arduino_de_MichielisA.Fiorella\system\Model.php(800): CodeIgniter\BaseModel->insert(Array, true)
#7 C:\xampp\htdocs\Integrador_FernandezMercedesS._Arduino_de_MichielisA.Fiorella\app\Controllers\Personas_controller.php(48): CodeIgniter\Model->insert(Array)
#8 C:\xampp\htdocs\Integrador_FernandezMercedesS._Arduino_de_MichielisA.Fiorella\system\CodeIgniter.php(933): App\Controllers\Personas_controller->add_consulta()
#9 C:\xampp\htdocs\Integrador_FernandezMercedesS._Arduino_de_MichielisA.Fiorella\system\CodeIgniter.php(507): CodeIgniter\CodeIgniter->runController(Object(App\Controllers\Personas_controller))
#10 C:\xampp\htdocs\Integrador_FernandezMercedesS._Arduino_de_MichielisA.Fiorella\system\CodeIgniter.php(354): CodeIgniter\CodeIgniter->handleRequest(NULL, Object(Config\Cache), false)
#11 C:\xampp\htdocs\Integrador_FernandezMercedesS._Arduino_de_MichielisA.Fiorella\system\Boot.php(334): CodeIgniter\CodeIgniter->run()
#12 C:\xampp\htdocs\Integrador_FernandezMercedesS._Arduino_de_MichielisA.Fiorella\system\Boot.php(67): CodeIgniter\Boot::runCodeIgniter(Object(CodeIgniter\CodeIgniter))
#13 C:\xampp\htdocs\Integrador_FernandezMercedesS._Arduino_de_MichielisA.Fiorella\index.php(56): CodeIgniter\Boot::bootWeb(Object(Config\Paths))
#14 {main}

Next CodeIgniter\Database\Exceptions\DatabaseException: Unknown database 'bd_fernandezmercedess__arduino_de_michielisa_fiorella' in C:\xampp\htdocs\Integrador_FernandezMercedesS._Arduino_de_MichielisA.Fiorella\system\Database\MySQLi\Connection.php:246
Stack trace:
#0 C:\xampp\htdocs\Integrador_FernandezMercedesS._Arduino_de_MichielisA.Fiorella\system\Database\BaseConnection.php(421): CodeIgniter\Database\MySQLi\Connection->connect(false)
#1 C:\xampp\htdocs\Integrador_FernandezMercedesS._Arduino_de_MichielisA.Fiorella\system\Database\BaseConnection.php(620): CodeIgniter\Database\BaseConnection->initialize()
#2 C:\xampp\htdocs\Integrador_FernandezMercedesS._Arduino_de_MichielisA.Fiorella\system\Database\BaseBuilder.php(2345): CodeIgniter\Database\BaseConnection->query('INSERT INTO `me...', Array, false)
#3 C:\xampp\htdocs\Integrador_FernandezMercedesS._Arduino_de_MichielisA.Fiorella\system\Model.php(394): CodeIgniter\Database\BaseBuilder->insert()
#4 C:\xampp\htdocs\Integrador_FernandezMercedesS._Arduino_de_MichielisA.Fiorella\system\BaseModel.php(839): CodeIgniter\Model->doInsert(Array)
#5 C:\xampp\htdocs\Integrador_FernandezMercedesS._Arduino_de_MichielisA.Fiorella\system\Model.php(800): CodeIgniter\BaseModel->insert(Array, true)
#6 C:\xampp\htdocs\Integrador_FernandezMercedesS._Arduino_de_MichielisA.Fiorella\app\Controllers\Personas_controller.php(48): CodeIgniter\Model->insert(Array)
#7 C:\xampp\htdocs\Integrador_FernandezMercedesS._Arduino_de_MichielisA.Fiorella\system\CodeIgniter.php(933): App\Controllers\Personas_controller->add_consulta()
#8 C:\xampp\htdocs\Integrador_FernandezMercedesS._Arduino_de_MichielisA.Fiorella\system\CodeIgniter.php(507): CodeIgniter\CodeIgniter->runController(Object(App\Controllers\Personas_controller))
#9 C:\xampp\htdocs\Integrador_FernandezMercedesS._Arduino_de_MichielisA.Fiorella\system\CodeIgniter.php(354): CodeIgniter\CodeIgniter->handleRequest(NULL, Object(Config\Cache), false)
#10 C:\xampp\htdocs\Integrador_FernandezMercedesS._Arduino_de_MichielisA.Fiorella\system\Boot.php(334): CodeIgniter\CodeIgniter->run()
#11 C:\xampp\htdocs\Integrador_FernandezMercedesS._Arduino_de_MichielisA.Fiorella\system\Boot.php(67): CodeIgniter\Boot::runCodeIgniter(Object(CodeIgniter\CodeIgniter))
#12 C:\xampp\htdocs\Integrador_FernandezMercedesS._Arduino_de_MichielisA.Fiorella\index.php(56): CodeIgniter\Boot::bootWeb(Object(Config\Paths))
#13 {main}
CRITICAL - 2025-05-20 13:09:11 --> CodeIgniter\Database\Exceptions\DatabaseException: Unable to connect to the database.
Main connection [MySQLi]: Unknown database 'bd_fernandezmercedess__arduino_de_michielisa_fiorella'
[Method: POST, Route: contacto]
in SYSTEMPATH\Database\BaseConnection.php on line 467.
 1 SYSTEMPATH\Database\BaseConnection.php(620): CodeIgniter\Database\BaseConnection->initialize()
 2 SYSTEMPATH\Database\BaseBuilder.php(2345): CodeIgniter\Database\BaseConnection->query('INSERT INTO `mensaje` (`nombre_remitente`, `apellido_remitente`, `email_mensaje`, `contenido_mensaje`) VALUES (:nombre_remitente:, :apellido_remitente:, :email_mensaje:, :contenido_mensaje:)', [...], false)
 3 SYSTEMPATH\Model.php(394): CodeIgniter\Database\BaseBuilder->insert()
 4 SYSTEMPATH\BaseModel.php(839): CodeIgniter\Model->doInsert([...])
 5 SYSTEMPATH\Model.php(800): CodeIgniter\BaseModel->insert([...], true)
 6 APPPATH\Controllers\Personas_controller.php(48): CodeIgniter\Model->insert([...])
 7 SYSTEMPATH\CodeIgniter.php(933): App\Controllers\Personas_controller->add_consulta()
 8 SYSTEMPATH\CodeIgniter.php(507): CodeIgniter\CodeIgniter->runController(Object(App\Controllers\Personas_controller))
 9 SYSTEMPATH\CodeIgniter.php(354): CodeIgniter\CodeIgniter->handleRequest(null, Object(Config\Cache), false)
10 SYSTEMPATH\Boot.php(334): CodeIgniter\CodeIgniter->run()
11 SYSTEMPATH\Boot.php(67): CodeIgniter\Boot::runCodeIgniter(Object(CodeIgniter\CodeIgniter))
12 FCPATH\index.php(56): CodeIgniter\Boot::bootWeb(Object(Config\Paths))
ERROR - 2025-05-20 13:14:17 --> Error connecting to the database: mysqli_sql_exception: Unknown database 'bd_fernandezmercedess__arduino_de_michielisa_fiorella' in C:\xampp\htdocs\Integrador_FernandezMercedesS._Arduino_de_MichielisA.Fiorella\system\Database\MySQLi\Connection.php:201
Stack trace:
#0 C:\xampp\htdocs\Integrador_FernandezMercedesS._Arduino_de_MichielisA.Fiorella\system\Database\MySQLi\Connection.php(201): mysqli->real_connect('localhost', 'root', Object(SensitiveParameterValue), 'bd_fernandezmer...', 3306, '', 0)
#1 C:\xampp\htdocs\Integrador_FernandezMercedesS._Arduino_de_MichielisA.Fiorella\system\Database\BaseConnection.php(421): CodeIgniter\Database\MySQLi\Connection->connect(false)
#2 C:\xampp\htdocs\Integrador_FernandezMercedesS._Arduino_de_MichielisA.Fiorella\system\Database\BaseConnection.php(620): CodeIgniter\Database\BaseConnection->initialize()
#3 C:\xampp\htdocs\Integrador_FernandezMercedesS._Arduino_de_MichielisA.Fiorella\system\Database\BaseBuilder.php(2345): CodeIgniter\Database\BaseConnection->query('INSERT INTO `me...', Array, false)
#4 C:\xampp\htdocs\Integrador_FernandezMercedesS._Arduino_de_MichielisA.Fiorella\system\Model.php(394): CodeIgniter\Database\BaseBuilder->insert()
#5 C:\xampp\htdocs\Integrador_FernandezMercedesS._Arduino_de_MichielisA.Fiorella\system\BaseModel.php(839): CodeIgniter\Model->doInsert(Array)
#6 C:\xampp\htdocs\Integrador_FernandezMercedesS._Arduino_de_MichielisA.Fiorella\system\Model.php(800): CodeIgniter\BaseModel->insert(Array, true)
#7 C:\xampp\htdocs\Integrador_FernandezMercedesS._Arduino_de_MichielisA.Fiorella\app\Controllers\Personas_controller.php(48): CodeIgniter\Model->insert(Array)
#8 C:\xampp\htdocs\Integrador_FernandezMercedesS._Arduino_de_MichielisA.Fiorella\system\CodeIgniter.php(933): App\Controllers\Personas_controller->add_consulta()
#9 C:\xampp\htdocs\Integrador_FernandezMercedesS._Arduino_de_MichielisA.Fiorella\system\CodeIgniter.php(507): CodeIgniter\CodeIgniter->runController(Object(App\Controllers\Personas_controller))
#10 C:\xampp\htdocs\Integrador_FernandezMercedesS._Arduino_de_MichielisA.Fiorella\system\CodeIgniter.php(354): CodeIgniter\CodeIgniter->handleRequest(NULL, Object(Config\Cache), false)
#11 C:\xampp\htdocs\Integrador_FernandezMercedesS._Arduino_de_MichielisA.Fiorella\system\Boot.php(334): CodeIgniter\CodeIgniter->run()
#12 C:\xampp\htdocs\Integrador_FernandezMercedesS._Arduino_de_MichielisA.Fiorella\system\Boot.php(67): CodeIgniter\Boot::runCodeIgniter(Object(CodeIgniter\CodeIgniter))
#13 C:\xampp\htdocs\Integrador_FernandezMercedesS._Arduino_de_MichielisA.Fiorella\index.php(56): CodeIgniter\Boot::bootWeb(Object(Config\Paths))
#14 {main}

Next CodeIgniter\Database\Exceptions\DatabaseException: Unknown database 'bd_fernandezmercedess__arduino_de_michielisa_fiorella' in C:\xampp\htdocs\Integrador_FernandezMercedesS._Arduino_de_MichielisA.Fiorella\system\Database\MySQLi\Connection.php:246
Stack trace:
#0 C:\xampp\htdocs\Integrador_FernandezMercedesS._Arduino_de_MichielisA.Fiorella\system\Database\BaseConnection.php(421): CodeIgniter\Database\MySQLi\Connection->connect(false)
#1 C:\xampp\htdocs\Integrador_FernandezMercedesS._Arduino_de_MichielisA.Fiorella\system\Database\BaseConnection.php(620): CodeIgniter\Database\BaseConnection->initialize()
#2 C:\xampp\htdocs\Integrador_FernandezMercedesS._Arduino_de_MichielisA.Fiorella\system\Database\BaseBuilder.php(2345): CodeIgniter\Database\BaseConnection->query('INSERT INTO `me...', Array, false)
#3 C:\xampp\htdocs\Integrador_FernandezMercedesS._Arduino_de_MichielisA.Fiorella\system\Model.php(394): CodeIgniter\Database\BaseBuilder->insert()
#4 C:\xampp\htdocs\Integrador_FernandezMercedesS._Arduino_de_MichielisA.Fiorella\system\BaseModel.php(839): CodeIgniter\Model->doInsert(Array)
#5 C:\xampp\htdocs\Integrador_FernandezMercedesS._Arduino_de_MichielisA.Fiorella\system\Model.php(800): CodeIgniter\BaseModel->insert(Array, true)
#6 C:\xampp\htdocs\Integrador_FernandezMercedesS._Arduino_de_MichielisA.Fiorella\app\Controllers\Personas_controller.php(48): CodeIgniter\Model->insert(Array)
#7 C:\xampp\htdocs\Integrador_FernandezMercedesS._Arduino_de_MichielisA.Fiorella\system\CodeIgniter.php(933): App\Controllers\Personas_controller->add_consulta()
#8 C:\xampp\htdocs\Integrador_FernandezMercedesS._Arduino_de_MichielisA.Fiorella\system\CodeIgniter.php(507): CodeIgniter\CodeIgniter->runController(Object(App\Controllers\Personas_controller))
#9 C:\xampp\htdocs\Integrador_FernandezMercedesS._Arduino_de_MichielisA.Fiorella\system\CodeIgniter.php(354): CodeIgniter\CodeIgniter->handleRequest(NULL, Object(Config\Cache), false)
#10 C:\xampp\htdocs\Integrador_FernandezMercedesS._Arduino_de_MichielisA.Fiorella\system\Boot.php(334): CodeIgniter\CodeIgniter->run()
#11 C:\xampp\htdocs\Integrador_FernandezMercedesS._Arduino_de_MichielisA.Fiorella\system\Boot.php(67): CodeIgniter\Boot::runCodeIgniter(Object(CodeIgniter\CodeIgniter))
#12 C:\xampp\htdocs\Integrador_FernandezMercedesS._Arduino_de_MichielisA.Fiorella\index.php(56): CodeIgniter\Boot::bootWeb(Object(Config\Paths))
#13 {main}
CRITICAL - 2025-05-20 13:14:17 --> CodeIgniter\Database\Exceptions\DatabaseException: Unable to connect to the database.
Main connection [MySQLi]: Unknown database 'bd_fernandezmercedess__arduino_de_michielisa_fiorella'
[Method: POST, Route: contacto]
in SYSTEMPATH\Database\BaseConnection.php on line 467.
 1 SYSTEMPATH\Database\BaseConnection.php(620): CodeIgniter\Database\BaseConnection->initialize()
 2 SYSTEMPATH\Database\BaseBuilder.php(2345): CodeIgniter\Database\BaseConnection->query('INSERT INTO `mensaje` (`nombre_remitente`, `apellido_remitente`, `email_mensaje`, `contenido_mensaje`) VALUES (:nombre_remitente:, :apellido_remitente:, :email_mensaje:, :contenido_mensaje:)', [...], false)
 3 SYSTEMPATH\Model.php(394): CodeIgniter\Database\BaseBuilder->insert()
 4 SYSTEMPATH\BaseModel.php(839): CodeIgniter\Model->doInsert([...])
 5 SYSTEMPATH\Model.php(800): CodeIgniter\BaseModel->insert([...], true)
 6 APPPATH\Controllers\Personas_controller.php(48): CodeIgniter\Model->insert([...])
 7 SYSTEMPATH\CodeIgniter.php(933): App\Controllers\Personas_controller->add_consulta()
 8 SYSTEMPATH\CodeIgniter.php(507): CodeIgniter\CodeIgniter->runController(Object(App\Controllers\Personas_controller))
 9 SYSTEMPATH\CodeIgniter.php(354): CodeIgniter\CodeIgniter->handleRequest(null, Object(Config\Cache), false)
10 SYSTEMPATH\Boot.php(334): CodeIgniter\CodeIgniter->run()
11 SYSTEMPATH\Boot.php(67): CodeIgniter\Boot::runCodeIgniter(Object(CodeIgniter\CodeIgniter))
12 FCPATH\index.php(56): CodeIgniter\Boot::bootWeb(Object(Config\Paths))
DEBUG - 2025-05-20 13:14:21 --> Session: Class initialized using 'CodeIgniter\Session\Handlers\FileHandler' driver.
DEBUG - 2025-05-20 13:18:41 --> Session: Class initialized using 'CodeIgniter\Session\Handlers\FileHandler' driver.
ERROR - 2025-05-20 13:25:31 --> Error connecting to the database: mysqli_sql_exception: Unknown database 'bd_fernandezmercedess__arduino_de_michielisa_fiorella' in C:\xampp\htdocs\Integrador_FernandezMercedesS._Arduino_de_MichielisA.Fiorella\system\Database\MySQLi\Connection.php:201
Stack trace:
#0 C:\xampp\htdocs\Integrador_FernandezMercedesS._Arduino_de_MichielisA.Fiorella\system\Database\MySQLi\Connection.php(201): mysqli->real_connect('localhost', 'root', Object(SensitiveParameterValue), 'bd_fernandezmer...', 3306, '', 0)
#1 C:\xampp\htdocs\Integrador_FernandezMercedesS._Arduino_de_MichielisA.Fiorella\system\Database\BaseConnection.php(421): CodeIgniter\Database\MySQLi\Connection->connect(false)
#2 C:\xampp\htdocs\Integrador_FernandezMercedesS._Arduino_de_MichielisA.Fiorella\system\Database\BaseConnection.php(620): CodeIgniter\Database\BaseConnection->initialize()
#3 C:\xampp\htdocs\Integrador_FernandezMercedesS._Arduino_de_MichielisA.Fiorella\system\Database\BaseBuilder.php(2345): CodeIgniter\Database\BaseConnection->query('INSERT INTO `me...', Array, false)
#4 C:\xampp\htdocs\Integrador_FernandezMercedesS._Arduino_de_MichielisA.Fiorella\system\Model.php(394): CodeIgniter\Database\BaseBuilder->insert()
#5 C:\xampp\htdocs\Integrador_FernandezMercedesS._Arduino_de_MichielisA.Fiorella\system\BaseModel.php(839): CodeIgniter\Model->doInsert(Array)
#6 C:\xampp\htdocs\Integrador_FernandezMercedesS._Arduino_de_MichielisA.Fiorella\system\Model.php(800): CodeIgniter\BaseModel->insert(Array, true)
#7 C:\xampp\htdocs\Integrador_FernandezMercedesS._Arduino_de_MichielisA.Fiorella\app\Controllers\Personas_controller.php(48): CodeIgniter\Model->insert(Array)
#8 C:\xampp\htdocs\Integrador_FernandezMercedesS._Arduino_de_MichielisA.Fiorella\system\CodeIgniter.php(933): App\Controllers\Personas_controller->add_consulta()
#9 C:\xampp\htdocs\Integrador_FernandezMercedesS._Arduino_de_MichielisA.Fiorella\system\CodeIgniter.php(507): CodeIgniter\CodeIgniter->runController(Object(App\Controllers\Personas_controller))
#10 C:\xampp\htdocs\Integrador_FernandezMercedesS._Arduino_de_MichielisA.Fiorella\system\CodeIgniter.php(354): CodeIgniter\CodeIgniter->handleRequest(NULL, Object(Config\Cache), false)
#11 C:\xampp\htdocs\Integrador_FernandezMercedesS._Arduino_de_MichielisA.Fiorella\system\Boot.php(334): CodeIgniter\CodeIgniter->run()
#12 C:\xampp\htdocs\Integrador_FernandezMercedesS._Arduino_de_MichielisA.Fiorella\system\Boot.php(67): CodeIgniter\Boot::runCodeIgniter(Object(CodeIgniter\CodeIgniter))
#13 C:\xampp\htdocs\Integrador_FernandezMercedesS._Arduino_de_MichielisA.Fiorella\index.php(56): CodeIgniter\Boot::bootWeb(Object(Config\Paths))
#14 {main}

Next CodeIgniter\Database\Exceptions\DatabaseException: Unknown database 'bd_fernandezmercedess__arduino_de_michielisa_fiorella' in C:\xampp\htdocs\Integrador_FernandezMercedesS._Arduino_de_MichielisA.Fiorella\system\Database\MySQLi\Connection.php:246
Stack trace:
#0 C:\xampp\htdocs\Integrador_FernandezMercedesS._Arduino_de_MichielisA.Fiorella\system\Database\BaseConnection.php(421): CodeIgniter\Database\MySQLi\Connection->connect(false)
#1 C:\xampp\htdocs\Integrador_FernandezMercedesS._Arduino_de_MichielisA.Fiorella\system\Database\BaseConnection.php(620): CodeIgniter\Database\BaseConnection->initialize()
#2 C:\xampp\htdocs\Integrador_FernandezMercedesS._Arduino_de_MichielisA.Fiorella\system\Database\BaseBuilder.php(2345): CodeIgniter\Database\BaseConnection->query('INSERT INTO `me...', Array, false)
#3 C:\xampp\htdocs\Integrador_FernandezMercedesS._Arduino_de_MichielisA.Fiorella\system\Model.php(394): CodeIgniter\Database\BaseBuilder->insert()
#4 C:\xampp\htdocs\Integrador_FernandezMercedesS._Arduino_de_MichielisA.Fiorella\system\BaseModel.php(839): CodeIgniter\Model->doInsert(Array)
#5 C:\xampp\htdocs\Integrador_FernandezMercedesS._Arduino_de_MichielisA.Fiorella\system\Model.php(800): CodeIgniter\BaseModel->insert(Array, true)
#6 C:\xampp\htdocs\Integrador_FernandezMercedesS._Arduino_de_MichielisA.Fiorella\app\Controllers\Personas_controller.php(48): CodeIgniter\Model->insert(Array)
#7 C:\xampp\htdocs\Integrador_FernandezMercedesS._Arduino_de_MichielisA.Fiorella\system\CodeIgniter.php(933): App\Controllers\Personas_controller->add_consulta()
#8 C:\xampp\htdocs\Integrador_FernandezMercedesS._Arduino_de_MichielisA.Fiorella\system\CodeIgniter.php(507): CodeIgniter\CodeIgniter->runController(Object(App\Controllers\Personas_controller))
#9 C:\xampp\htdocs\Integrador_FernandezMercedesS._Arduino_de_MichielisA.Fiorella\system\CodeIgniter.php(354): CodeIgniter\CodeIgniter->handleRequest(NULL, Object(Config\Cache), false)
#10 C:\xampp\htdocs\Integrador_FernandezMercedesS._Arduino_de_MichielisA.Fiorella\system\Boot.php(334): CodeIgniter\CodeIgniter->run()
#11 C:\xampp\htdocs\Integrador_FernandezMercedesS._Arduino_de_MichielisA.Fiorella\system\Boot.php(67): CodeIgniter\Boot::runCodeIgniter(Object(CodeIgniter\CodeIgniter))
#12 C:\xampp\htdocs\Integrador_FernandezMercedesS._Arduino_de_MichielisA.Fiorella\index.php(56): CodeIgniter\Boot::bootWeb(Object(Config\Paths))
#13 {main}
CRITICAL - 2025-05-20 13:25:31 --> CodeIgniter\Database\Exceptions\DatabaseException: Unable to connect to the database.
Main connection [MySQLi]: Unknown database 'bd_fernandezmercedess__arduino_de_michielisa_fiorella'
[Method: POST, Route: contacto]
in SYSTEMPATH\Database\BaseConnection.php on line 467.
 1 SYSTEMPATH\Database\BaseConnection.php(620): CodeIgniter\Database\BaseConnection->initialize()
 2 SYSTEMPATH\Database\BaseBuilder.php(2345): CodeIgniter\Database\BaseConnection->query('INSERT INTO `mensaje` (`nombre_remitente`, `apellido_remitente`, `email_mensaje`, `contenido_mensaje`) VALUES (:nombre_remitente:, :apellido_remitente:, :email_mensaje:, :contenido_mensaje:)', [...], false)
 3 SYSTEMPATH\Model.php(394): CodeIgniter\Database\BaseBuilder->insert()
 4 SYSTEMPATH\BaseModel.php(839): CodeIgniter\Model->doInsert([...])
 5 SYSTEMPATH\Model.php(800): CodeIgniter\BaseModel->insert([...], true)
 6 APPPATH\Controllers\Personas_controller.php(48): CodeIgniter\Model->insert([...])
 7 SYSTEMPATH\CodeIgniter.php(933): App\Controllers\Personas_controller->add_consulta()
 8 SYSTEMPATH\CodeIgniter.php(507): CodeIgniter\CodeIgniter->runController(Object(App\Controllers\Personas_controller))
 9 SYSTEMPATH\CodeIgniter.php(354): CodeIgniter\CodeIgniter->handleRequest(null, Object(Config\Cache), false)
10 SYSTEMPATH\Boot.php(334): CodeIgniter\CodeIgniter->run()
11 SYSTEMPATH\Boot.php(67): CodeIgniter\Boot::runCodeIgniter(Object(CodeIgniter\CodeIgniter))
12 FCPATH\index.php(56): CodeIgniter\Boot::bootWeb(Object(Config\Paths))
ERROR - 2025-05-20 13:30:39 --> Error connecting to the database: mysqli_sql_exception: Unknown database 'bd_fernandezmercedess__arduino_de_michielisa_fiorella' in C:\xampp\htdocs\Integrador_FernandezMercedesS._Arduino_de_MichielisA.Fiorella\system\Database\MySQLi\Connection.php:201
Stack trace:
#0 C:\xampp\htdocs\Integrador_FernandezMercedesS._Arduino_de_MichielisA.Fiorella\system\Database\MySQLi\Connection.php(201): mysqli->real_connect('localhost', 'root', Object(SensitiveParameterValue), 'bd_fernandezmer...', 3306, '', 0)
#1 C:\xampp\htdocs\Integrador_FernandezMercedesS._Arduino_de_MichielisA.Fiorella\system\Database\BaseConnection.php(421): CodeIgniter\Database\MySQLi\Connection->connect(false)
#2 C:\xampp\htdocs\Integrador_FernandezMercedesS._Arduino_de_MichielisA.Fiorella\system\Database\BaseConnection.php(620): CodeIgniter\Database\BaseConnection->initialize()
#3 C:\xampp\htdocs\Integrador_FernandezMercedesS._Arduino_de_MichielisA.Fiorella\system\Database\BaseBuilder.php(2345): CodeIgniter\Database\BaseConnection->query('INSERT INTO `me...', Array, false)
#4 C:\xampp\htdocs\Integrador_FernandezMercedesS._Arduino_de_MichielisA.Fiorella\system\Model.php(394): CodeIgniter\Database\BaseBuilder->insert()
#5 C:\xampp\htdocs\Integrador_FernandezMercedesS._Arduino_de_MichielisA.Fiorella\system\BaseModel.php(839): CodeIgniter\Model->doInsert(Array)
#6 C:\xampp\htdocs\Integrador_FernandezMercedesS._Arduino_de_MichielisA.Fiorella\system\Model.php(800): CodeIgniter\BaseModel->insert(Array, true)
#7 C:\xampp\htdocs\Integrador_FernandezMercedesS._Arduino_de_MichielisA.Fiorella\app\Controllers\Personas_controller.php(48): CodeIgniter\Model->insert(Array)
#8 C:\xampp\htdocs\Integrador_FernandezMercedesS._Arduino_de_MichielisA.Fiorella\system\CodeIgniter.php(933): App\Controllers\Personas_controller->add_consulta()
#9 C:\xampp\htdocs\Integrador_FernandezMercedesS._Arduino_de_MichielisA.Fiorella\system\CodeIgniter.php(507): CodeIgniter\CodeIgniter->runController(Object(App\Controllers\Personas_controller))
#10 C:\xampp\htdocs\Integrador_FernandezMercedesS._Arduino_de_MichielisA.Fiorella\system\CodeIgniter.php(354): CodeIgniter\CodeIgniter->handleRequest(NULL, Object(Config\Cache), false)
#11 C:\xampp\htdocs\Integrador_FernandezMercedesS._Arduino_de_MichielisA.Fiorella\system\Boot.php(334): CodeIgniter\CodeIgniter->run()
#12 C:\xampp\htdocs\Integrador_FernandezMercedesS._Arduino_de_MichielisA.Fiorella\system\Boot.php(67): CodeIgniter\Boot::runCodeIgniter(Object(CodeIgniter\CodeIgniter))
#13 C:\xampp\htdocs\Integrador_FernandezMercedesS._Arduino_de_MichielisA.Fiorella\index.php(56): CodeIgniter\Boot::bootWeb(Object(Config\Paths))
#14 {main}

Next CodeIgniter\Database\Exceptions\DatabaseException: Unknown database 'bd_fernandezmercedess__arduino_de_michielisa_fiorella' in C:\xampp\htdocs\Integrador_FernandezMercedesS._Arduino_de_MichielisA.Fiorella\system\Database\MySQLi\Connection.php:246
Stack trace:
#0 C:\xampp\htdocs\Integrador_FernandezMercedesS._Arduino_de_MichielisA.Fiorella\system\Database\BaseConnection.php(421): CodeIgniter\Database\MySQLi\Connection->connect(false)
#1 C:\xampp\htdocs\Integrador_FernandezMercedesS._Arduino_de_MichielisA.Fiorella\system\Database\BaseConnection.php(620): CodeIgniter\Database\BaseConnection->initialize()
#2 C:\xampp\htdocs\Integrador_FernandezMercedesS._Arduino_de_MichielisA.Fiorella\system\Database\BaseBuilder.php(2345): CodeIgniter\Database\BaseConnection->query('INSERT INTO `me...', Array, false)
#3 C:\xampp\htdocs\Integrador_FernandezMercedesS._Arduino_de_MichielisA.Fiorella\system\Model.php(394): CodeIgniter\Database\BaseBuilder->insert()
#4 C:\xampp\htdocs\Integrador_FernandezMercedesS._Arduino_de_MichielisA.Fiorella\system\BaseModel.php(839): CodeIgniter\Model->doInsert(Array)
#5 C:\xampp\htdocs\Integrador_FernandezMercedesS._Arduino_de_MichielisA.Fiorella\system\Model.php(800): CodeIgniter\BaseModel->insert(Array, true)
#6 C:\xampp\htdocs\Integrador_FernandezMercedesS._Arduino_de_MichielisA.Fiorella\app\Controllers\Personas_controller.php(48): CodeIgniter\Model->insert(Array)
#7 C:\xampp\htdocs\Integrador_FernandezMercedesS._Arduino_de_MichielisA.Fiorella\system\CodeIgniter.php(933): App\Controllers\Personas_controller->add_consulta()
#8 C:\xampp\htdocs\Integrador_FernandezMercedesS._Arduino_de_MichielisA.Fiorella\system\CodeIgniter.php(507): CodeIgniter\CodeIgniter->runController(Object(App\Controllers\Personas_controller))
#9 C:\xampp\htdocs\Integrador_FernandezMercedesS._Arduino_de_MichielisA.Fiorella\system\CodeIgniter.php(354): CodeIgniter\CodeIgniter->handleRequest(NULL, Object(Config\Cache), false)
#10 C:\xampp\htdocs\Integrador_FernandezMercedesS._Arduino_de_MichielisA.Fiorella\system\Boot.php(334): CodeIgniter\CodeIgniter->run()
#11 C:\xampp\htdocs\Integrador_FernandezMercedesS._Arduino_de_MichielisA.Fiorella\system\Boot.php(67): CodeIgniter\Boot::runCodeIgniter(Object(CodeIgniter\CodeIgniter))
#12 C:\xampp\htdocs\Integrador_FernandezMercedesS._Arduino_de_MichielisA.Fiorella\index.php(56): CodeIgniter\Boot::bootWeb(Object(Config\Paths))
#13 {main}
CRITICAL - 2025-05-20 13:30:39 --> CodeIgniter\Database\Exceptions\DatabaseException: Unable to connect to the database.
Main connection [MySQLi]: Unknown database 'bd_fernandezmercedess__arduino_de_michielisa_fiorella'
[Method: POST, Route: contacto]
in SYSTEMPATH\Database\BaseConnection.php on line 467.
 1 SYSTEMPATH\Database\BaseConnection.php(620): CodeIgniter\Database\BaseConnection->initialize()
 2 SYSTEMPATH\Database\BaseBuilder.php(2345): CodeIgniter\Database\BaseConnection->query('INSERT INTO `mensaje` (`nombre_remitente`, `apellido_remitente`, `email_mensaje`, `contenido_mensaje`) VALUES (:nombre_remitente:, :apellido_remitente:, :email_mensaje:, :contenido_mensaje:)', [...], false)
 3 SYSTEMPATH\Model.php(394): CodeIgniter\Database\BaseBuilder->insert()
 4 SYSTEMPATH\BaseModel.php(839): CodeIgniter\Model->doInsert([...])
 5 SYSTEMPATH\Model.php(800): CodeIgniter\BaseModel->insert([...], true)
 6 APPPATH\Controllers\Personas_controller.php(48): CodeIgniter\Model->insert([...])
 7 SYSTEMPATH\CodeIgniter.php(933): App\Controllers\Personas_controller->add_consulta()
 8 SYSTEMPATH\CodeIgniter.php(507): CodeIgniter\CodeIgniter->runController(Object(App\Controllers\Personas_controller))
 9 SYSTEMPATH\CodeIgniter.php(354): CodeIgniter\CodeIgniter->handleRequest(null, Object(Config\Cache), false)
10 SYSTEMPATH\Boot.php(334): CodeIgniter\CodeIgniter->run()
11 SYSTEMPATH\Boot.php(67): CodeIgniter\Boot::runCodeIgniter(Object(CodeIgniter\CodeIgniter))
12 FCPATH\index.php(56): CodeIgniter\Boot::bootWeb(Object(Config\Paths))
ERROR - 2025-05-20 13:32:53 --> Error connecting to the database: mysqli_sql_exception: Unknown database 'bd_fernandezmercedess__arduino_de_michielisa_fiorella' in C:\xampp\htdocs\Integrador_FernandezMercedesS._Arduino_de_MichielisA.Fiorella\system\Database\MySQLi\Connection.php:201
Stack trace:
#0 C:\xampp\htdocs\Integrador_FernandezMercedesS._Arduino_de_MichielisA.Fiorella\system\Database\MySQLi\Connection.php(201): mysqli->real_connect('localhost', 'root', Object(SensitiveParameterValue), 'bd_fernandezmer...', 3306, '', 0)
#1 C:\xampp\htdocs\Integrador_FernandezMercedesS._Arduino_de_MichielisA.Fiorella\system\Database\BaseConnection.php(421): CodeIgniter\Database\MySQLi\Connection->connect(false)
#2 C:\xampp\htdocs\Integrador_FernandezMercedesS._Arduino_de_MichielisA.Fiorella\system\Database\BaseConnection.php(620): CodeIgniter\Database\BaseConnection->initialize()
#3 C:\xampp\htdocs\Integrador_FernandezMercedesS._Arduino_de_MichielisA.Fiorella\system\Database\BaseBuilder.php(2345): CodeIgniter\Database\BaseConnection->query('INSERT INTO `me...', Array, false)
#4 C:\xampp\htdocs\Integrador_FernandezMercedesS._Arduino_de_MichielisA.Fiorella\system\Model.php(394): CodeIgniter\Database\BaseBuilder->insert()
#5 C:\xampp\htdocs\Integrador_FernandezMercedesS._Arduino_de_MichielisA.Fiorella\system\BaseModel.php(839): CodeIgniter\Model->doInsert(Array)
#6 C:\xampp\htdocs\Integrador_FernandezMercedesS._Arduino_de_MichielisA.Fiorella\system\Model.php(800): CodeIgniter\BaseModel->insert(Array, true)
#7 C:\xampp\htdocs\Integrador_FernandezMercedesS._Arduino_de_MichielisA.Fiorella\app\Controllers\Personas_controller.php(48): CodeIgniter\Model->insert(Array)
#8 C:\xampp\htdocs\Integrador_FernandezMercedesS._Arduino_de_MichielisA.Fiorella\system\CodeIgniter.php(933): App\Controllers\Personas_controller->add_consulta()
#9 C:\xampp\htdocs\Integrador_FernandezMercedesS._Arduino_de_MichielisA.Fiorella\system\CodeIgniter.php(507): CodeIgniter\CodeIgniter->runController(Object(App\Controllers\Personas_controller))
#10 C:\xampp\htdocs\Integrador_FernandezMercedesS._Arduino_de_MichielisA.Fiorella\system\CodeIgniter.php(354): CodeIgniter\CodeIgniter->handleRequest(NULL, Object(Config\Cache), false)
#11 C:\xampp\htdocs\Integrador_FernandezMercedesS._Arduino_de_MichielisA.Fiorella\system\Boot.php(334): CodeIgniter\CodeIgniter->run()
#12 C:\xampp\htdocs\Integrador_FernandezMercedesS._Arduino_de_MichielisA.Fiorella\system\Boot.php(67): CodeIgniter\Boot::runCodeIgniter(Object(CodeIgniter\CodeIgniter))
#13 C:\xampp\htdocs\Integrador_FernandezMercedesS._Arduino_de_MichielisA.Fiorella\index.php(56): CodeIgniter\Boot::bootWeb(Object(Config\Paths))
#14 {main}

Next CodeIgniter\Database\Exceptions\DatabaseException: Unknown database 'bd_fernandezmercedess__arduino_de_michielisa_fiorella' in C:\xampp\htdocs\Integrador_FernandezMercedesS._Arduino_de_MichielisA.Fiorella\system\Database\MySQLi\Connection.php:246
Stack trace:
#0 C:\xampp\htdocs\Integrador_FernandezMercedesS._Arduino_de_MichielisA.Fiorella\system\Database\BaseConnection.php(421): CodeIgniter\Database\MySQLi\Connection->connect(false)
#1 C:\xampp\htdocs\Integrador_FernandezMercedesS._Arduino_de_MichielisA.Fiorella\system\Database\BaseConnection.php(620): CodeIgniter\Database\BaseConnection->initialize()
#2 C:\xampp\htdocs\Integrador_FernandezMercedesS._Arduino_de_MichielisA.Fiorella\system\Database\BaseBuilder.php(2345): CodeIgniter\Database\BaseConnection->query('INSERT INTO `me...', Array, false)
#3 C:\xampp\htdocs\Integrador_FernandezMercedesS._Arduino_de_MichielisA.Fiorella\system\Model.php(394): CodeIgniter\Database\BaseBuilder->insert()
#4 C:\xampp\htdocs\Integrador_FernandezMercedesS._Arduino_de_MichielisA.Fiorella\system\BaseModel.php(839): CodeIgniter\Model->doInsert(Array)
#5 C:\xampp\htdocs\Integrador_FernandezMercedesS._Arduino_de_MichielisA.Fiorella\system\Model.php(800): CodeIgniter\BaseModel->insert(Array, true)
#6 C:\xampp\htdocs\Integrador_FernandezMercedesS._Arduino_de_MichielisA.Fiorella\app\Controllers\Personas_controller.php(48): CodeIgniter\Model->insert(Array)
#7 C:\xampp\htdocs\Integrador_FernandezMercedesS._Arduino_de_MichielisA.Fiorella\system\CodeIgniter.php(933): App\Controllers\Personas_controller->add_consulta()
#8 C:\xampp\htdocs\Integrador_FernandezMercedesS._Arduino_de_MichielisA.Fiorella\system\CodeIgniter.php(507): CodeIgniter\CodeIgniter->runController(Object(App\Controllers\Personas_controller))
#9 C:\xampp\htdocs\Integrador_FernandezMercedesS._Arduino_de_MichielisA.Fiorella\system\CodeIgniter.php(354): CodeIgniter\CodeIgniter->handleRequest(NULL, Object(Config\Cache), false)
#10 C:\xampp\htdocs\Integrador_FernandezMercedesS._Arduino_de_MichielisA.Fiorella\system\Boot.php(334): CodeIgniter\CodeIgniter->run()
#11 C:\xampp\htdocs\Integrador_FernandezMercedesS._Arduino_de_MichielisA.Fiorella\system\Boot.php(67): CodeIgniter\Boot::runCodeIgniter(Object(CodeIgniter\CodeIgniter))
#12 C:\xampp\htdocs\Integrador_FernandezMercedesS._Arduino_de_MichielisA.Fiorella\index.php(56): CodeIgniter\Boot::bootWeb(Object(Config\Paths))
#13 {main}
CRITICAL - 2025-05-20 13:32:53 --> CodeIgniter\Database\Exceptions\DatabaseException: Unable to connect to the database.
Main connection [MySQLi]: Unknown database 'bd_fernandezmercedess__arduino_de_michielisa_fiorella'
[Method: POST, Route: contacto]
in SYSTEMPATH\Database\BaseConnection.php on line 467.
 1 SYSTEMPATH\Database\BaseConnection.php(620): CodeIgniter\Database\BaseConnection->initialize()
 2 SYSTEMPATH\Database\BaseBuilder.php(2345): CodeIgniter\Database\BaseConnection->query('INSERT INTO `mensaje` (`nombre_remitente`, `apellido_remitente`, `email_mensaje`, `contenido_mensaje`) VALUES (:nombre_remitente:, :apellido_remitente:, :email_mensaje:, :contenido_mensaje:)', [...], false)
 3 SYSTEMPATH\Model.php(394): CodeIgniter\Database\BaseBuilder->insert()
 4 SYSTEMPATH\BaseModel.php(839): CodeIgniter\Model->doInsert([...])
 5 SYSTEMPATH\Model.php(800): CodeIgniter\BaseModel->insert([...], true)
 6 APPPATH\Controllers\Personas_controller.php(48): CodeIgniter\Model->insert([...])
 7 SYSTEMPATH\CodeIgniter.php(933): App\Controllers\Personas_controller->add_consulta()
 8 SYSTEMPATH\CodeIgniter.php(507): CodeIgniter\CodeIgniter->runController(Object(App\Controllers\Personas_controller))
 9 SYSTEMPATH\CodeIgniter.php(354): CodeIgniter\CodeIgniter->handleRequest(null, Object(Config\Cache), false)
10 SYSTEMPATH\Boot.php(334): CodeIgniter\CodeIgniter->run()
11 SYSTEMPATH\Boot.php(67): CodeIgniter\Boot::runCodeIgniter(Object(CodeIgniter\CodeIgniter))
12 FCPATH\index.php(56): CodeIgniter\Boot::bootWeb(Object(Config\Paths))
DEBUG - 2025-05-20 13:32:58 --> Session: Class initialized using 'CodeIgniter\Session\Handlers\FileHandler' driver.
DEBUG - 2025-05-20 13:33:03 --> Session: Class initialized using 'CodeIgniter\Session\Handlers\FileHandler' driver.
ERROR - 2025-05-20 13:33:15 --> Error connecting to the database: mysqli_sql_exception: Unknown database 'bd_fernandezmercedess__arduino_de_michielisa_fiorella' in C:\xampp\htdocs\Integrador_FernandezMercedesS._Arduino_de_MichielisA.Fiorella\system\Database\MySQLi\Connection.php:201
Stack trace:
#0 C:\xampp\htdocs\Integrador_FernandezMercedesS._Arduino_de_MichielisA.Fiorella\system\Database\MySQLi\Connection.php(201): mysqli->real_connect('localhost', 'root', Object(SensitiveParameterValue), 'bd_fernandezmer...', 3306, '', 0)
#1 C:\xampp\htdocs\Integrador_FernandezMercedesS._Arduino_de_MichielisA.Fiorella\system\Database\BaseConnection.php(421): CodeIgniter\Database\MySQLi\Connection->connect(false)
#2 C:\xampp\htdocs\Integrador_FernandezMercedesS._Arduino_de_MichielisA.Fiorella\system\Database\BaseConnection.php(620): CodeIgniter\Database\BaseConnection->initialize()
#3 C:\xampp\htdocs\Integrador_FernandezMercedesS._Arduino_de_MichielisA.Fiorella\system\Database\BaseBuilder.php(2345): CodeIgniter\Database\BaseConnection->query('INSERT INTO `me...', Array, false)
#4 C:\xampp\htdocs\Integrador_FernandezMercedesS._Arduino_de_MichielisA.Fiorella\system\Model.php(394): CodeIgniter\Database\BaseBuilder->insert()
#5 C:\xampp\htdocs\Integrador_FernandezMercedesS._Arduino_de_MichielisA.Fiorella\system\BaseModel.php(839): CodeIgniter\Model->doInsert(Array)
#6 C:\xampp\htdocs\Integrador_FernandezMercedesS._Arduino_de_MichielisA.Fiorella\system\Model.php(800): CodeIgniter\BaseModel->insert(Array, true)
#7 C:\xampp\htdocs\Integrador_FernandezMercedesS._Arduino_de_MichielisA.Fiorella\app\Controllers\Personas_controller.php(48): CodeIgniter\Model->insert(Array)
#8 C:\xampp\htdocs\Integrador_FernandezMercedesS._Arduino_de_MichielisA.Fiorella\system\CodeIgniter.php(933): App\Controllers\Personas_controller->add_consulta()
#9 C:\xampp\htdocs\Integrador_FernandezMercedesS._Arduino_de_MichielisA.Fiorella\system\CodeIgniter.php(507): CodeIgniter\CodeIgniter->runController(Object(App\Controllers\Personas_controller))
#10 C:\xampp\htdocs\Integrador_FernandezMercedesS._Arduino_de_MichielisA.Fiorella\system\CodeIgniter.php(354): CodeIgniter\CodeIgniter->handleRequest(NULL, Object(Config\Cache), false)
#11 C:\xampp\htdocs\Integrador_FernandezMercedesS._Arduino_de_MichielisA.Fiorella\system\Boot.php(334): CodeIgniter\CodeIgniter->run()
#12 C:\xampp\htdocs\Integrador_FernandezMercedesS._Arduino_de_MichielisA.Fiorella\system\Boot.php(67): CodeIgniter\Boot::runCodeIgniter(Object(CodeIgniter\CodeIgniter))
#13 C:\xampp\htdocs\Integrador_FernandezMercedesS._Arduino_de_MichielisA.Fiorella\index.php(56): CodeIgniter\Boot::bootWeb(Object(Config\Paths))
#14 {main}

Next CodeIgniter\Database\Exceptions\DatabaseException: Unknown database 'bd_fernandezmercedess__arduino_de_michielisa_fiorella' in C:\xampp\htdocs\Integrador_FernandezMercedesS._Arduino_de_MichielisA.Fiorella\system\Database\MySQLi\Connection.php:246
Stack trace:
#0 C:\xampp\htdocs\Integrador_FernandezMercedesS._Arduino_de_MichielisA.Fiorella\system\Database\BaseConnection.php(421): CodeIgniter\Database\MySQLi\Connection->connect(false)
#1 C:\xampp\htdocs\Integrador_FernandezMercedesS._Arduino_de_MichielisA.Fiorella\system\Database\BaseConnection.php(620): CodeIgniter\Database\BaseConnection->initialize()
#2 C:\xampp\htdocs\Integrador_FernandezMercedesS._Arduino_de_MichielisA.Fiorella\system\Database\BaseBuilder.php(2345): CodeIgniter\Database\BaseConnection->query('INSERT INTO `me...', Array, false)
#3 C:\xampp\htdocs\Integrador_FernandezMercedesS._Arduino_de_MichielisA.Fiorella\system\Model.php(394): CodeIgniter\Database\BaseBuilder->insert()
#4 C:\xampp\htdocs\Integrador_FernandezMercedesS._Arduino_de_MichielisA.Fiorella\system\BaseModel.php(839): CodeIgniter\Model->doInsert(Array)
#5 C:\xampp\htdocs\Integrador_FernandezMercedesS._Arduino_de_MichielisA.Fiorella\system\Model.php(800): CodeIgniter\BaseModel->insert(Array, true)
#6 C:\xampp\htdocs\Integrador_FernandezMercedesS._Arduino_de_MichielisA.Fiorella\app\Controllers\Personas_controller.php(48): CodeIgniter\Model->insert(Array)
#7 C:\xampp\htdocs\Integrador_FernandezMercedesS._Arduino_de_MichielisA.Fiorella\system\CodeIgniter.php(933): App\Controllers\Personas_controller->add_consulta()
#8 C:\xampp\htdocs\Integrador_FernandezMercedesS._Arduino_de_MichielisA.Fiorella\system\CodeIgniter.php(507): CodeIgniter\CodeIgniter->runController(Object(App\Controllers\Personas_controller))
#9 C:\xampp\htdocs\Integrador_FernandezMercedesS._Arduino_de_MichielisA.Fiorella\system\CodeIgniter.php(354): CodeIgniter\CodeIgniter->handleRequest(NULL, Object(Config\Cache), false)
#10 C:\xampp\htdocs\Integrador_FernandezMercedesS._Arduino_de_MichielisA.Fiorella\system\Boot.php(334): CodeIgniter\CodeIgniter->run()
#11 C:\xampp\htdocs\Integrador_FernandezMercedesS._Arduino_de_MichielisA.Fiorella\system\Boot.php(67): CodeIgniter\Boot::runCodeIgniter(Object(CodeIgniter\CodeIgniter))
#12 C:\xampp\htdocs\Integrador_FernandezMercedesS._Arduino_de_MichielisA.Fiorella\index.php(56): CodeIgniter\Boot::bootWeb(Object(Config\Paths))
#13 {main}
CRITICAL - 2025-05-20 13:33:15 --> CodeIgniter\Database\Exceptions\DatabaseException: Unable to connect to the database.
Main connection [MySQLi]: Unknown database 'bd_fernandezmercedess__arduino_de_michielisa_fiorella'
[Method: POST, Route: contacto]
in SYSTEMPATH\Database\BaseConnection.php on line 467.
 1 SYSTEMPATH\Database\BaseConnection.php(620): CodeIgniter\Database\BaseConnection->initialize()
 2 SYSTEMPATH\Database\BaseBuilder.php(2345): CodeIgniter\Database\BaseConnection->query('INSERT INTO `mensaje` (`nombre_remitente`, `apellido_remitente`, `email_mensaje`, `contenido_mensaje`) VALUES (:nombre_remitente:, :apellido_remitente:, :email_mensaje:, :contenido_mensaje:)', [...], false)
 3 SYSTEMPATH\Model.php(394): CodeIgniter\Database\BaseBuilder->insert()
 4 SYSTEMPATH\BaseModel.php(839): CodeIgniter\Model->doInsert([...])
 5 SYSTEMPATH\Model.php(800): CodeIgniter\BaseModel->insert([...], true)
 6 APPPATH\Controllers\Personas_controller.php(48): CodeIgniter\Model->insert([...])
 7 SYSTEMPATH\CodeIgniter.php(933): App\Controllers\Personas_controller->add_consulta()
 8 SYSTEMPATH\CodeIgniter.php(507): CodeIgniter\CodeIgniter->runController(Object(App\Controllers\Personas_controller))
 9 SYSTEMPATH\CodeIgniter.php(354): CodeIgniter\CodeIgniter->handleRequest(null, Object(Config\Cache), false)
10 SYSTEMPATH\Boot.php(334): CodeIgniter\CodeIgniter->run()
11 SYSTEMPATH\Boot.php(67): CodeIgniter\Boot::runCodeIgniter(Object(CodeIgniter\CodeIgniter))
12 FCPATH\index.php(56): CodeIgniter\Boot::bootWeb(Object(Config\Paths))
DEBUG - 2025-05-20 13:33:45 --> Session: Class initialized using 'CodeIgniter\Session\Handlers\FileHandler' driver.
ERROR - 2025-05-20 13:34:00 --> Error connecting to the database: mysqli_sql_exception: Unknown database 'bd_fernandezmercedess__arduino_de_michielisa_fiorella' in C:\xampp\htdocs\Integrador_FernandezMercedesS._Arduino_de_MichielisA.Fiorella\system\Database\MySQLi\Connection.php:201
Stack trace:
#0 C:\xampp\htdocs\Integrador_FernandezMercedesS._Arduino_de_MichielisA.Fiorella\system\Database\MySQLi\Connection.php(201): mysqli->real_connect('localhost', 'root', Object(SensitiveParameterValue), 'bd_fernandezmer...', 3306, '', 0)
#1 C:\xampp\htdocs\Integrador_FernandezMercedesS._Arduino_de_MichielisA.Fiorella\system\Database\BaseConnection.php(421): CodeIgniter\Database\MySQLi\Connection->connect(false)
#2 C:\xampp\htdocs\Integrador_FernandezMercedesS._Arduino_de_MichielisA.Fiorella\system\Database\BaseConnection.php(620): CodeIgniter\Database\BaseConnection->initialize()
#3 C:\xampp\htdocs\Integrador_FernandezMercedesS._Arduino_de_MichielisA.Fiorella\system\Database\BaseBuilder.php(2345): CodeIgniter\Database\BaseConnection->query('INSERT INTO `me...', Array, false)
#4 C:\xampp\htdocs\Integrador_FernandezMercedesS._Arduino_de_MichielisA.Fiorella\system\Model.php(394): CodeIgniter\Database\BaseBuilder->insert()
#5 C:\xampp\htdocs\Integrador_FernandezMercedesS._Arduino_de_MichielisA.Fiorella\system\BaseModel.php(839): CodeIgniter\Model->doInsert(Array)
#6 C:\xampp\htdocs\Integrador_FernandezMercedesS._Arduino_de_MichielisA.Fiorella\system\Model.php(800): CodeIgniter\BaseModel->insert(Array, true)
#7 C:\xampp\htdocs\Integrador_FernandezMercedesS._Arduino_de_MichielisA.Fiorella\app\Controllers\Personas_controller.php(48): CodeIgniter\Model->insert(Array)
#8 C:\xampp\htdocs\Integrador_FernandezMercedesS._Arduino_de_MichielisA.Fiorella\system\CodeIgniter.php(933): App\Controllers\Personas_controller->add_consulta()
#9 C:\xampp\htdocs\Integrador_FernandezMercedesS._Arduino_de_MichielisA.Fiorella\system\CodeIgniter.php(507): CodeIgniter\CodeIgniter->runController(Object(App\Controllers\Personas_controller))
#10 C:\xampp\htdocs\Integrador_FernandezMercedesS._Arduino_de_MichielisA.Fiorella\system\CodeIgniter.php(354): CodeIgniter\CodeIgniter->handleRequest(NULL, Object(Config\Cache), false)
#11 C:\xampp\htdocs\Integrador_FernandezMercedesS._Arduino_de_MichielisA.Fiorella\system\Boot.php(334): CodeIgniter\CodeIgniter->run()
#12 C:\xampp\htdocs\Integrador_FernandezMercedesS._Arduino_de_MichielisA.Fiorella\system\Boot.php(67): CodeIgniter\Boot::runCodeIgniter(Object(CodeIgniter\CodeIgniter))
#13 C:\xampp\htdocs\Integrador_FernandezMercedesS._Arduino_de_MichielisA.Fiorella\index.php(56): CodeIgniter\Boot::bootWeb(Object(Config\Paths))
#14 {main}

Next CodeIgniter\Database\Exceptions\DatabaseException: Unknown database 'bd_fernandezmercedess__arduino_de_michielisa_fiorella' in C:\xampp\htdocs\Integrador_FernandezMercedesS._Arduino_de_MichielisA.Fiorella\system\Database\MySQLi\Connection.php:246
Stack trace:
#0 C:\xampp\htdocs\Integrador_FernandezMercedesS._Arduino_de_MichielisA.Fiorella\system\Database\BaseConnection.php(421): CodeIgniter\Database\MySQLi\Connection->connect(false)
#1 C:\xampp\htdocs\Integrador_FernandezMercedesS._Arduino_de_MichielisA.Fiorella\system\Database\BaseConnection.php(620): CodeIgniter\Database\BaseConnection->initialize()
#2 C:\xampp\htdocs\Integrador_FernandezMercedesS._Arduino_de_MichielisA.Fiorella\system\Database\BaseBuilder.php(2345): CodeIgniter\Database\BaseConnection->query('INSERT INTO `me...', Array, false)
#3 C:\xampp\htdocs\Integrador_FernandezMercedesS._Arduino_de_MichielisA.Fiorella\system\Model.php(394): CodeIgniter\Database\BaseBuilder->insert()
#4 C:\xampp\htdocs\Integrador_FernandezMercedesS._Arduino_de_MichielisA.Fiorella\system\BaseModel.php(839): CodeIgniter\Model->doInsert(Array)
#5 C:\xampp\htdocs\Integrador_FernandezMercedesS._Arduino_de_MichielisA.Fiorella\system\Model.php(800): CodeIgniter\BaseModel->insert(Array, true)
#6 C:\xampp\htdocs\Integrador_FernandezMercedesS._Arduino_de_MichielisA.Fiorella\app\Controllers\Personas_controller.php(48): CodeIgniter\Model->insert(Array)
#7 C:\xampp\htdocs\Integrador_FernandezMercedesS._Arduino_de_MichielisA.Fiorella\system\CodeIgniter.php(933): App\Controllers\Personas_controller->add_consulta()
#8 C:\xampp\htdocs\Integrador_FernandezMercedesS._Arduino_de_MichielisA.Fiorella\system\CodeIgniter.php(507): CodeIgniter\CodeIgniter->runController(Object(App\Controllers\Personas_controller))
#9 C:\xampp\htdocs\Integrador_FernandezMercedesS._Arduino_de_MichielisA.Fiorella\system\CodeIgniter.php(354): CodeIgniter\CodeIgniter->handleRequest(NULL, Object(Config\Cache), false)
#10 C:\xampp\htdocs\Integrador_FernandezMercedesS._Arduino_de_MichielisA.Fiorella\system\Boot.php(334): CodeIgniter\CodeIgniter->run()
#11 C:\xampp\htdocs\Integrador_FernandezMercedesS._Arduino_de_MichielisA.Fiorella\system\Boot.php(67): CodeIgniter\Boot::runCodeIgniter(Object(CodeIgniter\CodeIgniter))
#12 C:\xampp\htdocs\Integrador_FernandezMercedesS._Arduino_de_MichielisA.Fiorella\index.php(56): CodeIgniter\Boot::bootWeb(Object(Config\Paths))
#13 {main}
CRITICAL - 2025-05-20 13:34:00 --> CodeIgniter\Database\Exceptions\DatabaseException: Unable to connect to the database.
Main connection [MySQLi]: Unknown database 'bd_fernandezmercedess__arduino_de_michielisa_fiorella'
[Method: POST, Route: contacto]
in SYSTEMPATH\Database\BaseConnection.php on line 467.
 1 SYSTEMPATH\Database\BaseConnection.php(620): CodeIgniter\Database\BaseConnection->initialize()
 2 SYSTEMPATH\Database\BaseBuilder.php(2345): CodeIgniter\Database\BaseConnection->query('INSERT INTO `mensaje` (`nombre_remitente`, `apellido_remitente`, `email_mensaje`, `contenido_mensaje`) VALUES (:nombre_remitente:, :apellido_remitente:, :email_mensaje:, :contenido_mensaje:)', [...], false)
 3 SYSTEMPATH\Model.php(394): CodeIgniter\Database\BaseBuilder->insert()
 4 SYSTEMPATH\BaseModel.php(839): CodeIgniter\Model->doInsert([...])
 5 SYSTEMPATH\Model.php(800): CodeIgniter\BaseModel->insert([...], true)
 6 APPPATH\Controllers\Personas_controller.php(48): CodeIgniter\Model->insert([...])
 7 SYSTEMPATH\CodeIgniter.php(933): App\Controllers\Personas_controller->add_consulta()
 8 SYSTEMPATH\CodeIgniter.php(507): CodeIgniter\CodeIgniter->runController(Object(App\Controllers\Personas_controller))
 9 SYSTEMPATH\CodeIgniter.php(354): CodeIgniter\CodeIgniter->handleRequest(null, Object(Config\Cache), false)
10 SYSTEMPATH\Boot.php(334): CodeIgniter\CodeIgniter->run()
11 SYSTEMPATH\Boot.php(67): CodeIgniter\Boot::runCodeIgniter(Object(CodeIgniter\CodeIgniter))
12 FCPATH\index.php(56): CodeIgniter\Boot::bootWeb(Object(Config\Paths))
DEBUG - 2025-05-20 13:37:24 --> Session: Class initialized using 'CodeIgniter\Session\Handlers\FileHandler' driver.
ERROR - 2025-05-20 13:37:28 --> Error connecting to the database: mysqli_sql_exception: Unknown database 'bd_fernandezmercedess__arduino_de_michielisa_fiorella' in C:\xampp\htdocs\Integrador_FernandezMercedesS._Arduino_de_MichielisA.Fiorella\system\Database\MySQLi\Connection.php:201
Stack trace:
#0 C:\xampp\htdocs\Integrador_FernandezMercedesS._Arduino_de_MichielisA.Fiorella\system\Database\MySQLi\Connection.php(201): mysqli->real_connect('localhost', 'root', Object(SensitiveParameterValue), 'bd_fernandezmer...', 3306, '', 0)
#1 C:\xampp\htdocs\Integrador_FernandezMercedesS._Arduino_de_MichielisA.Fiorella\system\Database\BaseConnection.php(421): CodeIgniter\Database\MySQLi\Connection->connect(false)
#2 C:\xampp\htdocs\Integrador_FernandezMercedesS._Arduino_de_MichielisA.Fiorella\system\Database\BaseConnection.php(620): CodeIgniter\Database\BaseConnection->initialize()
#3 C:\xampp\htdocs\Integrador_FernandezMercedesS._Arduino_de_MichielisA.Fiorella\system\Database\BaseBuilder.php(2345): CodeIgniter\Database\BaseConnection->query('INSERT INTO `me...', Array, false)
#4 C:\xampp\htdocs\Integrador_FernandezMercedesS._Arduino_de_MichielisA.Fiorella\system\Model.php(394): CodeIgniter\Database\BaseBuilder->insert()
#5 C:\xampp\htdocs\Integrador_FernandezMercedesS._Arduino_de_MichielisA.Fiorella\system\BaseModel.php(839): CodeIgniter\Model->doInsert(Array)
#6 C:\xampp\htdocs\Integrador_FernandezMercedesS._Arduino_de_MichielisA.Fiorella\system\Model.php(800): CodeIgniter\BaseModel->insert(Array, true)
#7 C:\xampp\htdocs\Integrador_FernandezMercedesS._Arduino_de_MichielisA.Fiorella\app\Controllers\Personas_controller.php(48): CodeIgniter\Model->insert(Array)
#8 C:\xampp\htdocs\Integrador_FernandezMercedesS._Arduino_de_MichielisA.Fiorella\system\CodeIgniter.php(933): App\Controllers\Personas_controller->add_consulta()
#9 C:\xampp\htdocs\Integrador_FernandezMercedesS._Arduino_de_MichielisA.Fiorella\system\CodeIgniter.php(507): CodeIgniter\CodeIgniter->runController(Object(App\Controllers\Personas_controller))
#10 C:\xampp\htdocs\Integrador_FernandezMercedesS._Arduino_de_MichielisA.Fiorella\system\CodeIgniter.php(354): CodeIgniter\CodeIgniter->handleRequest(NULL, Object(Config\Cache), false)
#11 C:\xampp\htdocs\Integrador_FernandezMercedesS._Arduino_de_MichielisA.Fiorella\system\Boot.php(334): CodeIgniter\CodeIgniter->run()
#12 C:\xampp\htdocs\Integrador_FernandezMercedesS._Arduino_de_MichielisA.Fiorella\system\Boot.php(67): CodeIgniter\Boot::runCodeIgniter(Object(CodeIgniter\CodeIgniter))
#13 C:\xampp\htdocs\Integrador_FernandezMercedesS._Arduino_de_MichielisA.Fiorella\index.php(56): CodeIgniter\Boot::bootWeb(Object(Config\Paths))
#14 {main}

Next CodeIgniter\Database\Exceptions\DatabaseException: Unknown database 'bd_fernandezmercedess__arduino_de_michielisa_fiorella' in C:\xampp\htdocs\Integrador_FernandezMercedesS._Arduino_de_MichielisA.Fiorella\system\Database\MySQLi\Connection.php:246
Stack trace:
#0 C:\xampp\htdocs\Integrador_FernandezMercedesS._Arduino_de_MichielisA.Fiorella\system\Database\BaseConnection.php(421): CodeIgniter\Database\MySQLi\Connection->connect(false)
#1 C:\xampp\htdocs\Integrador_FernandezMercedesS._Arduino_de_MichielisA.Fiorella\system\Database\BaseConnection.php(620): CodeIgniter\Database\BaseConnection->initialize()
#2 C:\xampp\htdocs\Integrador_FernandezMercedesS._Arduino_de_MichielisA.Fiorella\system\Database\BaseBuilder.php(2345): CodeIgniter\Database\BaseConnection->query('INSERT INTO `me...', Array, false)
#3 C:\xampp\htdocs\Integrador_FernandezMercedesS._Arduino_de_MichielisA.Fiorella\system\Model.php(394): CodeIgniter\Database\BaseBuilder->insert()
#4 C:\xampp\htdocs\Integrador_FernandezMercedesS._Arduino_de_MichielisA.Fiorella\system\BaseModel.php(839): CodeIgniter\Model->doInsert(Array)
#5 C:\xampp\htdocs\Integrador_FernandezMercedesS._Arduino_de_MichielisA.Fiorella\system\Model.php(800): CodeIgniter\BaseModel->insert(Array, true)
#6 C:\xampp\htdocs\Integrador_FernandezMercedesS._Arduino_de_MichielisA.Fiorella\app\Controllers\Personas_controller.php(48): CodeIgniter\Model->insert(Array)
#7 C:\xampp\htdocs\Integrador_FernandezMercedesS._Arduino_de_MichielisA.Fiorella\system\CodeIgniter.php(933): App\Controllers\Personas_controller->add_consulta()
#8 C:\xampp\htdocs\Integrador_FernandezMercedesS._Arduino_de_MichielisA.Fiorella\system\CodeIgniter.php(507): CodeIgniter\CodeIgniter->runController(Object(App\Controllers\Personas_controller))
#9 C:\xampp\htdocs\Integrador_FernandezMercedesS._Arduino_de_MichielisA.Fiorella\system\CodeIgniter.php(354): CodeIgniter\CodeIgniter->handleRequest(NULL, Object(Config\Cache), false)
#10 C:\xampp\htdocs\Integrador_FernandezMercedesS._Arduino_de_MichielisA.Fiorella\system\Boot.php(334): CodeIgniter\CodeIgniter->run()
#11 C:\xampp\htdocs\Integrador_FernandezMercedesS._Arduino_de_MichielisA.Fiorella\system\Boot.php(67): CodeIgniter\Boot::runCodeIgniter(Object(CodeIgniter\CodeIgniter))
#12 C:\xampp\htdocs\Integrador_FernandezMercedesS._Arduino_de_MichielisA.Fiorella\index.php(56): CodeIgniter\Boot::bootWeb(Object(Config\Paths))
#13 {main}
CRITICAL - 2025-05-20 13:37:28 --> CodeIgniter\Database\Exceptions\DatabaseException: Unable to connect to the database.
Main connection [MySQLi]: Unknown database 'bd_fernandezmercedess__arduino_de_michielisa_fiorella'
[Method: POST, Route: contacto]
in SYSTEMPATH\Database\BaseConnection.php on line 467.
 1 SYSTEMPATH\Database\BaseConnection.php(620): CodeIgniter\Database\BaseConnection->initialize()
 2 SYSTEMPATH\Database\BaseBuilder.php(2345): CodeIgniter\Database\BaseConnection->query('INSERT INTO `mensaje` (`nombre_remitente`, `apellido_remitente`, `email_mensaje`, `contenido_mensaje`) VALUES (:nombre_remitente:, :apellido_remitente:, :email_mensaje:, :contenido_mensaje:)', [...], false)
 3 SYSTEMPATH\Model.php(394): CodeIgniter\Database\BaseBuilder->insert()
 4 SYSTEMPATH\BaseModel.php(839): CodeIgniter\Model->doInsert([...])
 5 SYSTEMPATH\Model.php(800): CodeIgniter\BaseModel->insert([...], true)
 6 APPPATH\Controllers\Personas_controller.php(48): CodeIgniter\Model->insert([...])
 7 SYSTEMPATH\CodeIgniter.php(933): App\Controllers\Personas_controller->add_consulta()
 8 SYSTEMPATH\CodeIgniter.php(507): CodeIgniter\CodeIgniter->runController(Object(App\Controllers\Personas_controller))
 9 SYSTEMPATH\CodeIgniter.php(354): CodeIgniter\CodeIgniter->handleRequest(null, Object(Config\Cache), false)
10 SYSTEMPATH\Boot.php(334): CodeIgniter\CodeIgniter->run()
11 SYSTEMPATH\Boot.php(67): CodeIgniter\Boot::runCodeIgniter(Object(CodeIgniter\CodeIgniter))
12 FCPATH\index.php(56): CodeIgniter\Boot::bootWeb(Object(Config\Paths))
ERROR - 2025-05-20 13:41:28 --> Error connecting to the database: mysqli_sql_exception: Unknown database 'bd_fernandezmercedess._arduino_de_michielisa._fiorella' in C:\xampp\htdocs\Integrador_FernandezMercedesS._Arduino_de_MichielisA.Fiorella\system\Database\MySQLi\Connection.php:201
Stack trace:
#0 C:\xampp\htdocs\Integrador_FernandezMercedesS._Arduino_de_MichielisA.Fiorella\system\Database\MySQLi\Connection.php(201): mysqli->real_connect('localhost', 'root', Object(SensitiveParameterValue), 'bd_fernandezmer...', 3306, '', 0)
#1 C:\xampp\htdocs\Integrador_FernandezMercedesS._Arduino_de_MichielisA.Fiorella\system\Database\BaseConnection.php(421): CodeIgniter\Database\MySQLi\Connection->connect(false)
#2 C:\xampp\htdocs\Integrador_FernandezMercedesS._Arduino_de_MichielisA.Fiorella\system\Database\BaseConnection.php(620): CodeIgniter\Database\BaseConnection->initialize()
#3 C:\xampp\htdocs\Integrador_FernandezMercedesS._Arduino_de_MichielisA.Fiorella\system\Database\BaseBuilder.php(2345): CodeIgniter\Database\BaseConnection->query('INSERT INTO `me...', Array, false)
#4 C:\xampp\htdocs\Integrador_FernandezMercedesS._Arduino_de_MichielisA.Fiorella\system\Model.php(394): CodeIgniter\Database\BaseBuilder->insert()
#5 C:\xampp\htdocs\Integrador_FernandezMercedesS._Arduino_de_MichielisA.Fiorella\system\BaseModel.php(839): CodeIgniter\Model->doInsert(Array)
#6 C:\xampp\htdocs\Integrador_FernandezMercedesS._Arduino_de_MichielisA.Fiorella\system\Model.php(800): CodeIgniter\BaseModel->insert(Array, true)
#7 C:\xampp\htdocs\Integrador_FernandezMercedesS._Arduino_de_MichielisA.Fiorella\app\Controllers\Personas_controller.php(48): CodeIgniter\Model->insert(Array)
#8 C:\xampp\htdocs\Integrador_FernandezMercedesS._Arduino_de_MichielisA.Fiorella\system\CodeIgniter.php(933): App\Controllers\Personas_controller->add_consulta()
#9 C:\xampp\htdocs\Integrador_FernandezMercedesS._Arduino_de_MichielisA.Fiorella\system\CodeIgniter.php(507): CodeIgniter\CodeIgniter->runController(Object(App\Controllers\Personas_controller))
#10 C:\xampp\htdocs\Integrador_FernandezMercedesS._Arduino_de_MichielisA.Fiorella\system\CodeIgniter.php(354): CodeIgniter\CodeIgniter->handleRequest(NULL, Object(Config\Cache), false)
#11 C:\xampp\htdocs\Integrador_FernandezMercedesS._Arduino_de_MichielisA.Fiorella\system\Boot.php(334): CodeIgniter\CodeIgniter->run()
#12 C:\xampp\htdocs\Integrador_FernandezMercedesS._Arduino_de_MichielisA.Fiorella\system\Boot.php(67): CodeIgniter\Boot::runCodeIgniter(Object(CodeIgniter\CodeIgniter))
#13 C:\xampp\htdocs\Integrador_FernandezMercedesS._Arduino_de_MichielisA.Fiorella\index.php(56): CodeIgniter\Boot::bootWeb(Object(Config\Paths))
#14 {main}

Next CodeIgniter\Database\Exceptions\DatabaseException: Unknown database 'bd_fernandezmercedess._arduino_de_michielisa._fiorella' in C:\xampp\htdocs\Integrador_FernandezMercedesS._Arduino_de_MichielisA.Fiorella\system\Database\MySQLi\Connection.php:246
Stack trace:
#0 C:\xampp\htdocs\Integrador_FernandezMercedesS._Arduino_de_MichielisA.Fiorella\system\Database\BaseConnection.php(421): CodeIgniter\Database\MySQLi\Connection->connect(false)
#1 C:\xampp\htdocs\Integrador_FernandezMercedesS._Arduino_de_MichielisA.Fiorella\system\Database\BaseConnection.php(620): CodeIgniter\Database\BaseConnection->initialize()
#2 C:\xampp\htdocs\Integrador_FernandezMercedesS._Arduino_de_MichielisA.Fiorella\system\Database\BaseBuilder.php(2345): CodeIgniter\Database\BaseConnection->query('INSERT INTO `me...', Array, false)
#3 C:\xampp\htdocs\Integrador_FernandezMercedesS._Arduino_de_MichielisA.Fiorella\system\Model.php(394): CodeIgniter\Database\BaseBuilder->insert()
#4 C:\xampp\htdocs\Integrador_FernandezMercedesS._Arduino_de_MichielisA.Fiorella\system\BaseModel.php(839): CodeIgniter\Model->doInsert(Array)
#5 C:\xampp\htdocs\Integrador_FernandezMercedesS._Arduino_de_MichielisA.Fiorella\system\Model.php(800): CodeIgniter\BaseModel->insert(Array, true)
#6 C:\xampp\htdocs\Integrador_FernandezMercedesS._Arduino_de_MichielisA.Fiorella\app\Controllers\Personas_controller.php(48): CodeIgniter\Model->insert(Array)
#7 C:\xampp\htdocs\Integrador_FernandezMercedesS._Arduino_de_MichielisA.Fiorella\system\CodeIgniter.php(933): App\Controllers\Personas_controller->add_consulta()
#8 C:\xampp\htdocs\Integrador_FernandezMercedesS._Arduino_de_MichielisA.Fiorella\system\CodeIgniter.php(507): CodeIgniter\CodeIgniter->runController(Object(App\Controllers\Personas_controller))
#9 C:\xampp\htdocs\Integrador_FernandezMercedesS._Arduino_de_MichielisA.Fiorella\system\CodeIgniter.php(354): CodeIgniter\CodeIgniter->handleRequest(NULL, Object(Config\Cache), false)
#10 C:\xampp\htdocs\Integrador_FernandezMercedesS._Arduino_de_MichielisA.Fiorella\system\Boot.php(334): CodeIgniter\CodeIgniter->run()
#11 C:\xampp\htdocs\Integrador_FernandezMercedesS._Arduino_de_MichielisA.Fiorella\system\Boot.php(67): CodeIgniter\Boot::runCodeIgniter(Object(CodeIgniter\CodeIgniter))
#12 C:\xampp\htdocs\Integrador_FernandezMercedesS._Arduino_de_MichielisA.Fiorella\index.php(56): CodeIgniter\Boot::bootWeb(Object(Config\Paths))
#13 {main}
CRITICAL - 2025-05-20 13:41:28 --> CodeIgniter\Database\Exceptions\DatabaseException: Unable to connect to the database.
Main connection [MySQLi]: Unknown database 'bd_fernandezmercedess._arduino_de_michielisa._fiorella'
[Method: POST, Route: contacto]
in SYSTEMPATH\Database\BaseConnection.php on line 467.
 1 SYSTEMPATH\Database\BaseConnection.php(620): CodeIgniter\Database\BaseConnection->initialize()
 2 SYSTEMPATH\Database\BaseBuilder.php(2345): CodeIgniter\Database\BaseConnection->query('INSERT INTO `mensaje` (`nombre_remitente`, `apellido_remitente`, `email_mensaje`, `contenido_mensaje`) VALUES (:nombre_remitente:, :apellido_remitente:, :email_mensaje:, :contenido_mensaje:)', [...], false)
 3 SYSTEMPATH\Model.php(394): CodeIgniter\Database\BaseBuilder->insert()
 4 SYSTEMPATH\BaseModel.php(839): CodeIgniter\Model->doInsert([...])
 5 SYSTEMPATH\Model.php(800): CodeIgniter\BaseModel->insert([...], true)
 6 APPPATH\Controllers\Personas_controller.php(48): CodeIgniter\Model->insert([...])
 7 SYSTEMPATH\CodeIgniter.php(933): App\Controllers\Personas_controller->add_consulta()
 8 SYSTEMPATH\CodeIgniter.php(507): CodeIgniter\CodeIgniter->runController(Object(App\Controllers\Personas_controller))
 9 SYSTEMPATH\CodeIgniter.php(354): CodeIgniter\CodeIgniter->handleRequest(null, Object(Config\Cache), false)
10 SYSTEMPATH\Boot.php(334): CodeIgniter\CodeIgniter->run()
11 SYSTEMPATH\Boot.php(67): CodeIgniter\Boot::runCodeIgniter(Object(CodeIgniter\CodeIgniter))
12 FCPATH\index.php(56): CodeIgniter\Boot::bootWeb(Object(Config\Paths))
DEBUG - 2025-05-20 13:41:31 --> Session: Class initialized using 'CodeIgniter\Session\Handlers\FileHandler' driver.
ERROR - 2025-05-20 13:41:34 --> Error connecting to the database: mysqli_sql_exception: Unknown database 'bd_fernandezmercedess._arduino_de_michielisa._fiorella' in C:\xampp\htdocs\Integrador_FernandezMercedesS._Arduino_de_MichielisA.Fiorella\system\Database\MySQLi\Connection.php:201
Stack trace:
#0 C:\xampp\htdocs\Integrador_FernandezMercedesS._Arduino_de_MichielisA.Fiorella\system\Database\MySQLi\Connection.php(201): mysqli->real_connect('localhost', 'root', Object(SensitiveParameterValue), 'bd_fernandezmer...', 3306, '', 0)
#1 C:\xampp\htdocs\Integrador_FernandezMercedesS._Arduino_de_MichielisA.Fiorella\system\Database\BaseConnection.php(421): CodeIgniter\Database\MySQLi\Connection->connect(false)
#2 C:\xampp\htdocs\Integrador_FernandezMercedesS._Arduino_de_MichielisA.Fiorella\system\Database\BaseConnection.php(620): CodeIgniter\Database\BaseConnection->initialize()
#3 C:\xampp\htdocs\Integrador_FernandezMercedesS._Arduino_de_MichielisA.Fiorella\system\Database\BaseBuilder.php(2345): CodeIgniter\Database\BaseConnection->query('INSERT INTO `me...', Array, false)
#4 C:\xampp\htdocs\Integrador_FernandezMercedesS._Arduino_de_MichielisA.Fiorella\system\Model.php(394): CodeIgniter\Database\BaseBuilder->insert()
#5 C:\xampp\htdocs\Integrador_FernandezMercedesS._Arduino_de_MichielisA.Fiorella\system\BaseModel.php(839): CodeIgniter\Model->doInsert(Array)
#6 C:\xampp\htdocs\Integrador_FernandezMercedesS._Arduino_de_MichielisA.Fiorella\system\Model.php(800): CodeIgniter\BaseModel->insert(Array, true)
#7 C:\xampp\htdocs\Integrador_FernandezMercedesS._Arduino_de_MichielisA.Fiorella\app\Controllers\Personas_controller.php(48): CodeIgniter\Model->insert(Array)
#8 C:\xampp\htdocs\Integrador_FernandezMercedesS._Arduino_de_MichielisA.Fiorella\system\CodeIgniter.php(933): App\Controllers\Personas_controller->add_consulta()
#9 C:\xampp\htdocs\Integrador_FernandezMercedesS._Arduino_de_MichielisA.Fiorella\system\CodeIgniter.php(507): CodeIgniter\CodeIgniter->runController(Object(App\Controllers\Personas_controller))
#10 C:\xampp\htdocs\Integrador_FernandezMercedesS._Arduino_de_MichielisA.Fiorella\system\CodeIgniter.php(354): CodeIgniter\CodeIgniter->handleRequest(NULL, Object(Config\Cache), false)
#11 C:\xampp\htdocs\Integrador_FernandezMercedesS._Arduino_de_MichielisA.Fiorella\system\Boot.php(334): CodeIgniter\CodeIgniter->run()
#12 C:\xampp\htdocs\Integrador_FernandezMercedesS._Arduino_de_MichielisA.Fiorella\system\Boot.php(67): CodeIgniter\Boot::runCodeIgniter(Object(CodeIgniter\CodeIgniter))
#13 C:\xampp\htdocs\Integrador_FernandezMercedesS._Arduino_de_MichielisA.Fiorella\index.php(56): CodeIgniter\Boot::bootWeb(Object(Config\Paths))
#14 {main}

Next CodeIgniter\Database\Exceptions\DatabaseException: Unknown database 'bd_fernandezmercedess._arduino_de_michielisa._fiorella' in C:\xampp\htdocs\Integrador_FernandezMercedesS._Arduino_de_MichielisA.Fiorella\system\Database\MySQLi\Connection.php:246
Stack trace:
#0 C:\xampp\htdocs\Integrador_FernandezMercedesS._Arduino_de_MichielisA.Fiorella\system\Database\BaseConnection.php(421): CodeIgniter\Database\MySQLi\Connection->connect(false)
#1 C:\xampp\htdocs\Integrador_FernandezMercedesS._Arduino_de_MichielisA.Fiorella\system\Database\BaseConnection.php(620): CodeIgniter\Database\BaseConnection->initialize()
#2 C:\xampp\htdocs\Integrador_FernandezMercedesS._Arduino_de_MichielisA.Fiorella\system\Database\BaseBuilder.php(2345): CodeIgniter\Database\BaseConnection->query('INSERT INTO `me...', Array, false)
#3 C:\xampp\htdocs\Integrador_FernandezMercedesS._Arduino_de_MichielisA.Fiorella\system\Model.php(394): CodeIgniter\Database\BaseBuilder->insert()
#4 C:\xampp\htdocs\Integrador_FernandezMercedesS._Arduino_de_MichielisA.Fiorella\system\BaseModel.php(839): CodeIgniter\Model->doInsert(Array)
#5 C:\xampp\htdocs\Integrador_FernandezMercedesS._Arduino_de_MichielisA.Fiorella\system\Model.php(800): CodeIgniter\BaseModel->insert(Array, true)
#6 C:\xampp\htdocs\Integrador_FernandezMercedesS._Arduino_de_MichielisA.Fiorella\app\Controllers\Personas_controller.php(48): CodeIgniter\Model->insert(Array)
#7 C:\xampp\htdocs\Integrador_FernandezMercedesS._Arduino_de_MichielisA.Fiorella\system\CodeIgniter.php(933): App\Controllers\Personas_controller->add_consulta()
#8 C:\xampp\htdocs\Integrador_FernandezMercedesS._Arduino_de_MichielisA.Fiorella\system\CodeIgniter.php(507): CodeIgniter\CodeIgniter->runController(Object(App\Controllers\Personas_controller))
#9 C:\xampp\htdocs\Integrador_FernandezMercedesS._Arduino_de_MichielisA.Fiorella\system\CodeIgniter.php(354): CodeIgniter\CodeIgniter->handleRequest(NULL, Object(Config\Cache), false)
#10 C:\xampp\htdocs\Integrador_FernandezMercedesS._Arduino_de_MichielisA.Fiorella\system\Boot.php(334): CodeIgniter\CodeIgniter->run()
#11 C:\xampp\htdocs\Integrador_FernandezMercedesS._Arduino_de_MichielisA.Fiorella\system\Boot.php(67): CodeIgniter\Boot::runCodeIgniter(Object(CodeIgniter\CodeIgniter))
#12 C:\xampp\htdocs\Integrador_FernandezMercedesS._Arduino_de_MichielisA.Fiorella\index.php(56): CodeIgniter\Boot::bootWeb(Object(Config\Paths))
#13 {main}
CRITICAL - 2025-05-20 13:41:34 --> CodeIgniter\Database\Exceptions\DatabaseException: Unable to connect to the database.
Main connection [MySQLi]: Unknown database 'bd_fernandezmercedess._arduino_de_michielisa._fiorella'
[Method: POST, Route: contacto]
in SYSTEMPATH\Database\BaseConnection.php on line 467.
 1 SYSTEMPATH\Database\BaseConnection.php(620): CodeIgniter\Database\BaseConnection->initialize()
 2 SYSTEMPATH\Database\BaseBuilder.php(2345): CodeIgniter\Database\BaseConnection->query('INSERT INTO `mensaje` (`nombre_remitente`, `apellido_remitente`, `email_mensaje`, `contenido_mensaje`) VALUES (:nombre_remitente:, :apellido_remitente:, :email_mensaje:, :contenido_mensaje:)', [...], false)
 3 SYSTEMPATH\Model.php(394): CodeIgniter\Database\BaseBuilder->insert()
 4 SYSTEMPATH\BaseModel.php(839): CodeIgniter\Model->doInsert([...])
 5 SYSTEMPATH\Model.php(800): CodeIgniter\BaseModel->insert([...], true)
 6 APPPATH\Controllers\Personas_controller.php(48): CodeIgniter\Model->insert([...])
 7 SYSTEMPATH\CodeIgniter.php(933): App\Controllers\Personas_controller->add_consulta()
 8 SYSTEMPATH\CodeIgniter.php(507): CodeIgniter\CodeIgniter->runController(Object(App\Controllers\Personas_controller))
 9 SYSTEMPATH\CodeIgniter.php(354): CodeIgniter\CodeIgniter->handleRequest(null, Object(Config\Cache), false)
10 SYSTEMPATH\Boot.php(334): CodeIgniter\CodeIgniter->run()
11 SYSTEMPATH\Boot.php(67): CodeIgniter\Boot::runCodeIgniter(Object(CodeIgniter\CodeIgniter))
12 FCPATH\index.php(56): CodeIgniter\Boot::bootWeb(Object(Config\Paths))
DEBUG - 2025-05-20 13:42:02 --> Session: Class initialized using 'CodeIgniter\Session\Handlers\FileHandler' driver.
DEBUG - 2025-05-20 13:42:02 --> Session: Class initialized using 'CodeIgniter\Session\Handlers\FileHandler' driver.
DEBUG - 2025-05-20 13:42:14 --> Session: Class initialized using 'CodeIgniter\Session\Handlers\FileHandler' driver.
DEBUG - 2025-05-20 13:42:14 --> Session: Class initialized using 'CodeIgniter\Session\Handlers\FileHandler' driver.
DEBUG - 2025-05-20 13:45:32 --> Session: Class initialized using 'CodeIgniter\Session\Handlers\FileHandler' driver.
DEBUG - 2025-05-20 13:45:32 --> Session: Class initialized using 'CodeIgniter\Session\Handlers\FileHandler' driver.
DEBUG - 2025-05-20 13:59:26 --> Session: Class initialized using 'CodeIgniter\Session\Handlers\FileHandler' driver.
ERROR - 2025-05-20 13:59:55 --> mysqli_sql_exception: Table 'bd_fernandezmercedess._arduino_de_michielisa.fiorella.mensaje' doesn't exist in C:\xampp\htdocs\Integrador_FernandezMercedesS._Arduino_de_MichielisA.Fiorella\system\Database\MySQLi\Connection.php:327
Stack trace:
#0 C:\xampp\htdocs\Integrador_FernandezMercedesS._Arduino_de_MichielisA.Fiorella\system\Database\MySQLi\Connection.php(327): mysqli->query('INSERT INTO `me...', 0)
#1 C:\xampp\htdocs\Integrador_FernandezMercedesS._Arduino_de_MichielisA.Fiorella\system\Database\BaseConnection.php(738): CodeIgniter\Database\MySQLi\Connection->execute('INSERT INTO `me...')
#2 C:\xampp\htdocs\Integrador_FernandezMercedesS._Arduino_de_MichielisA.Fiorella\system\Database\BaseConnection.php(652): CodeIgniter\Database\BaseConnection->simpleQuery('INSERT INTO `me...')
#3 C:\xampp\htdocs\Integrador_FernandezMercedesS._Arduino_de_MichielisA.Fiorella\system\Database\BaseBuilder.php(2345): CodeIgniter\Database\BaseConnection->query('INSERT INTO `me...', Array, false)
#4 C:\xampp\htdocs\Integrador_FernandezMercedesS._Arduino_de_MichielisA.Fiorella\system\Model.php(394): CodeIgniter\Database\BaseBuilder->insert()
#5 C:\xampp\htdocs\Integrador_FernandezMercedesS._Arduino_de_MichielisA.Fiorella\system\BaseModel.php(839): CodeIgniter\Model->doInsert(Array)
#6 C:\xampp\htdocs\Integrador_FernandezMercedesS._Arduino_de_MichielisA.Fiorella\system\Model.php(800): CodeIgniter\BaseModel->insert(Array, true)
#7 C:\xampp\htdocs\Integrador_FernandezMercedesS._Arduino_de_MichielisA.Fiorella\app\Controllers\Personas_controller.php(48): CodeIgniter\Model->insert(Array)
#8 C:\xampp\htdocs\Integrador_FernandezMercedesS._Arduino_de_MichielisA.Fiorella\system\CodeIgniter.php(933): App\Controllers\Personas_controller->add_consulta()
#9 C:\xampp\htdocs\Integrador_FernandezMercedesS._Arduino_de_MichielisA.Fiorella\system\CodeIgniter.php(507): CodeIgniter\CodeIgniter->runController(Object(App\Controllers\Personas_controller))
#10 C:\xampp\htdocs\Integrador_FernandezMercedesS._Arduino_de_MichielisA.Fiorella\system\CodeIgniter.php(354): CodeIgniter\CodeIgniter->handleRequest(NULL, Object(Config\Cache), false)
#11 C:\xampp\htdocs\Integrador_FernandezMercedesS._Arduino_de_MichielisA.Fiorella\system\Boot.php(334): CodeIgniter\CodeIgniter->run()
#12 C:\xampp\htdocs\Integrador_FernandezMercedesS._Arduino_de_MichielisA.Fiorella\system\Boot.php(67): CodeIgniter\Boot::runCodeIgniter(Object(CodeIgniter\CodeIgniter))
#13 C:\xampp\htdocs\Integrador_FernandezMercedesS._Arduino_de_MichielisA.Fiorella\index.php(56): CodeIgniter\Boot::bootWeb(Object(Config\Paths))
#14 {main}
CRITICAL - 2025-05-20 13:59:55 --> CodeIgniter\Database\Exceptions\DatabaseException: Table 'bd_fernandezmercedess._arduino_de_michielisa.fiorella.mensaje' doesn't exist
[Method: POST, Route: contacto]
in SYSTEMPATH\Database\BaseConnection.php on line 692.
 1 SYSTEMPATH\Database\BaseBuilder.php(2345): CodeIgniter\Database\BaseConnection->query('INSERT INTO `mensaje` (`nombre_remitente`, `apellido_remitente`, `email_mensaje`, `contenido_mensaje`) VALUES (:nombre_remitente:, :apellido_remitente:, :email_mensaje:, :contenido_mensaje:)', [...], false)
 2 SYSTEMPATH\Model.php(394): CodeIgniter\Database\BaseBuilder->insert()
 3 SYSTEMPATH\BaseModel.php(839): CodeIgniter\Model->doInsert([...])
 4 SYSTEMPATH\Model.php(800): CodeIgniter\BaseModel->insert([...], true)
 5 APPPATH\Controllers\Personas_controller.php(48): CodeIgniter\Model->insert([...])
 6 SYSTEMPATH\CodeIgniter.php(933): App\Controllers\Personas_controller->add_consulta()
 7 SYSTEMPATH\CodeIgniter.php(507): CodeIgniter\CodeIgniter->runController(Object(App\Controllers\Personas_controller))
 8 SYSTEMPATH\CodeIgniter.php(354): CodeIgniter\CodeIgniter->handleRequest(null, Object(Config\Cache), false)
 9 SYSTEMPATH\Boot.php(334): CodeIgniter\CodeIgniter->run()
10 SYSTEMPATH\Boot.php(67): CodeIgniter\Boot::runCodeIgniter(Object(CodeIgniter\CodeIgniter))
11 FCPATH\index.php(56): CodeIgniter\Boot::bootWeb(Object(Config\Paths))
CRITICAL - 2025-05-20 13:59:55 --> [Caused by] CodeIgniter\Database\Exceptions\DatabaseException: Table 'bd_fernandezmercedess._arduino_de_michielisa.fiorella.mensaje' doesn't exist
in SYSTEMPATH\Database\MySQLi\Connection.php on line 332.
 1 SYSTEMPATH\Database\BaseConnection.php(738): CodeIgniter\Database\MySQLi\Connection->execute('INSERT INTO `mensaje` (`nombre_remitente`, `apellido_remitente`, `email_mensaje`, `contenido_mensaje`) VALUES (\'rwrww\', \'Perez\', \'popopop@gmail.com\', \'Lorem ipsum dolor sit amet consectetur adipisicing elit. Soluta architecto laboriosam vitae eum tenetur? Unde sequi voluptatem nostrum maxime quae. Dignissimos repudiandae molestiae earum cumque fuga corporis aspernatur itaque nostrum.\')')
 2 SYSTEMPATH\Database\BaseConnection.php(652): CodeIgniter\Database\BaseConnection->simpleQuery('INSERT INTO `mensaje` (`nombre_remitente`, `apellido_remitente`, `email_mensaje`, `contenido_mensaje`) VALUES (\'rwrww\', \'Perez\', \'popopop@gmail.com\', \'Lorem ipsum dolor sit amet consectetur adipisicing elit. Soluta architecto laboriosam vitae eum tenetur? Unde sequi voluptatem nostrum maxime quae. Dignissimos repudiandae molestiae earum cumque fuga corporis aspernatur itaque nostrum.\')')
 3 SYSTEMPATH\Database\BaseBuilder.php(2345): CodeIgniter\Database\BaseConnection->query('INSERT INTO `mensaje` (`nombre_remitente`, `apellido_remitente`, `email_mensaje`, `contenido_mensaje`) VALUES (:nombre_remitente:, :apellido_remitente:, :email_mensaje:, :contenido_mensaje:)', [...], false)
 4 SYSTEMPATH\Model.php(394): CodeIgniter\Database\BaseBuilder->insert()
 5 SYSTEMPATH\BaseModel.php(839): CodeIgniter\Model->doInsert([...])
 6 SYSTEMPATH\Model.php(800): CodeIgniter\BaseModel->insert([...], true)
 7 APPPATH\Controllers\Personas_controller.php(48): CodeIgniter\Model->insert([...])
 8 SYSTEMPATH\CodeIgniter.php(933): App\Controllers\Personas_controller->add_consulta()
 9 SYSTEMPATH\CodeIgniter.php(507): CodeIgniter\CodeIgniter->runController(Object(App\Controllers\Personas_controller))
10 SYSTEMPATH\CodeIgniter.php(354): CodeIgniter\CodeIgniter->handleRequest(null, Object(Config\Cache), false)
11 SYSTEMPATH\Boot.php(334): CodeIgniter\CodeIgniter->run()
12 SYSTEMPATH\Boot.php(67): CodeIgniter\Boot::runCodeIgniter(Object(CodeIgniter\CodeIgniter))
13 FCPATH\index.php(56): CodeIgniter\Boot::bootWeb(Object(Config\Paths))
CRITICAL - 2025-05-20 13:59:55 --> [Caused by] mysqli_sql_exception: Table 'bd_fernandezmercedess._arduino_de_michielisa.fiorella.mensaje' doesn't exist
in SYSTEMPATH\Database\MySQLi\Connection.php on line 327.
 1 SYSTEMPATH\Database\MySQLi\Connection.php(327): mysqli->query('INSERT INTO `mensaje` (`nombre_remitente`, `apellido_remitente`, `email_mensaje`, `contenido_mensaje`) VALUES (\'rwrww\', \'Perez\', \'popopop@gmail.com\', \'Lorem ipsum dolor sit amet consectetur adipisicing elit. Soluta architecto laboriosam vitae eum tenetur? Unde sequi voluptatem nostrum maxime quae. Dignissimos repudiandae molestiae earum cumque fuga corporis aspernatur itaque nostrum.\')', 0)
 2 SYSTEMPATH\Database\BaseConnection.php(738): CodeIgniter\Database\MySQLi\Connection->execute('INSERT INTO `mensaje` (`nombre_remitente`, `apellido_remitente`, `email_mensaje`, `contenido_mensaje`) VALUES (\'rwrww\', \'Perez\', \'popopop@gmail.com\', \'Lorem ipsum dolor sit amet consectetur adipisicing elit. Soluta architecto laboriosam vitae eum tenetur? Unde sequi voluptatem nostrum maxime quae. Dignissimos repudiandae molestiae earum cumque fuga corporis aspernatur itaque nostrum.\')')
 3 SYSTEMPATH\Database\BaseConnection.php(652): CodeIgniter\Database\BaseConnection->simpleQuery('INSERT INTO `mensaje` (`nombre_remitente`, `apellido_remitente`, `email_mensaje`, `contenido_mensaje`) VALUES (\'rwrww\', \'Perez\', \'popopop@gmail.com\', \'Lorem ipsum dolor sit amet consectetur adipisicing elit. Soluta architecto laboriosam vitae eum tenetur? Unde sequi voluptatem nostrum maxime quae. Dignissimos repudiandae molestiae earum cumque fuga corporis aspernatur itaque nostrum.\')')
 4 SYSTEMPATH\Database\BaseBuilder.php(2345): CodeIgniter\Database\BaseConnection->query('INSERT INTO `mensaje` (`nombre_remitente`, `apellido_remitente`, `email_mensaje`, `contenido_mensaje`) VALUES (:nombre_remitente:, :apellido_remitente:, :email_mensaje:, :contenido_mensaje:)', [...], false)
 5 SYSTEMPATH\Model.php(394): CodeIgniter\Database\BaseBuilder->insert()
 6 SYSTEMPATH\BaseModel.php(839): CodeIgniter\Model->doInsert([...])
 7 SYSTEMPATH\Model.php(800): CodeIgniter\BaseModel->insert([...], true)
 8 APPPATH\Controllers\Personas_controller.php(48): CodeIgniter\Model->insert([...])
 9 SYSTEMPATH\CodeIgniter.php(933): App\Controllers\Personas_controller->add_consulta()
10 SYSTEMPATH\CodeIgniter.php(507): CodeIgniter\CodeIgniter->runController(Object(App\Controllers\Personas_controller))
11 SYSTEMPATH\CodeIgniter.php(354): CodeIgniter\CodeIgniter->handleRequest(null, Object(Config\Cache), false)
12 SYSTEMPATH\Boot.php(334): CodeIgniter\CodeIgniter->run()
13 SYSTEMPATH\Boot.php(67): CodeIgniter\Boot::runCodeIgniter(Object(CodeIgniter\CodeIgniter))
14 FCPATH\index.php(56): CodeIgniter\Boot::bootWeb(Object(Config\Paths))
DEBUG - 2025-05-20 14:00:30 --> Session: Class initialized using 'CodeIgniter\Session\Handlers\FileHandler' driver.
ERROR - 2025-05-20 14:00:37 --> mysqli_sql_exception: Table 'bd_fernandezmercedess._arduino_de_michielisa.fiorella.mensaje' doesn't exist in C:\xampp\htdocs\Integrador_FernandezMercedesS._Arduino_de_MichielisA.Fiorella\system\Database\MySQLi\Connection.php:327
Stack trace:
#0 C:\xampp\htdocs\Integrador_FernandezMercedesS._Arduino_de_MichielisA.Fiorella\system\Database\MySQLi\Connection.php(327): mysqli->query('INSERT INTO `me...', 0)
#1 C:\xampp\htdocs\Integrador_FernandezMercedesS._Arduino_de_MichielisA.Fiorella\system\Database\BaseConnection.php(738): CodeIgniter\Database\MySQLi\Connection->execute('INSERT INTO `me...')
#2 C:\xampp\htdocs\Integrador_FernandezMercedesS._Arduino_de_MichielisA.Fiorella\system\Database\BaseConnection.php(652): CodeIgniter\Database\BaseConnection->simpleQuery('INSERT INTO `me...')
#3 C:\xampp\htdocs\Integrador_FernandezMercedesS._Arduino_de_MichielisA.Fiorella\system\Database\BaseBuilder.php(2345): CodeIgniter\Database\BaseConnection->query('INSERT INTO `me...', Array, false)
#4 C:\xampp\htdocs\Integrador_FernandezMercedesS._Arduino_de_MichielisA.Fiorella\system\Model.php(394): CodeIgniter\Database\BaseBuilder->insert()
#5 C:\xampp\htdocs\Integrador_FernandezMercedesS._Arduino_de_MichielisA.Fiorella\system\BaseModel.php(839): CodeIgniter\Model->doInsert(Array)
#6 C:\xampp\htdocs\Integrador_FernandezMercedesS._Arduino_de_MichielisA.Fiorella\system\Model.php(800): CodeIgniter\BaseModel->insert(Array, true)
#7 C:\xampp\htdocs\Integrador_FernandezMercedesS._Arduino_de_MichielisA.Fiorella\app\Controllers\Personas_controller.php(48): CodeIgniter\Model->insert(Array)
#8 C:\xampp\htdocs\Integrador_FernandezMercedesS._Arduino_de_MichielisA.Fiorella\system\CodeIgniter.php(933): App\Controllers\Personas_controller->add_consulta()
#9 C:\xampp\htdocs\Integrador_FernandezMercedesS._Arduino_de_MichielisA.Fiorella\system\CodeIgniter.php(507): CodeIgniter\CodeIgniter->runController(Object(App\Controllers\Personas_controller))
#10 C:\xampp\htdocs\Integrador_FernandezMercedesS._Arduino_de_MichielisA.Fiorella\system\CodeIgniter.php(354): CodeIgniter\CodeIgniter->handleRequest(NULL, Object(Config\Cache), false)
#11 C:\xampp\htdocs\Integrador_FernandezMercedesS._Arduino_de_MichielisA.Fiorella\system\Boot.php(334): CodeIgniter\CodeIgniter->run()
#12 C:\xampp\htdocs\Integrador_FernandezMercedesS._Arduino_de_MichielisA.Fiorella\system\Boot.php(67): CodeIgniter\Boot::runCodeIgniter(Object(CodeIgniter\CodeIgniter))
#13 C:\xampp\htdocs\Integrador_FernandezMercedesS._Arduino_de_MichielisA.Fiorella\index.php(56): CodeIgniter\Boot::bootWeb(Object(Config\Paths))
#14 {main}
CRITICAL - 2025-05-20 14:00:37 --> CodeIgniter\Database\Exceptions\DatabaseException: Table 'bd_fernandezmercedess._arduino_de_michielisa.fiorella.mensaje' doesn't exist
[Method: POST, Route: contacto]
in SYSTEMPATH\Database\BaseConnection.php on line 692.
 1 SYSTEMPATH\Database\BaseBuilder.php(2345): CodeIgniter\Database\BaseConnection->query('INSERT INTO `mensaje` (`nombre_remitente`, `apellido_remitente`, `email_mensaje`, `contenido_mensaje`) VALUES (:nombre_remitente:, :apellido_remitente:, :email_mensaje:, :contenido_mensaje:)', [...], false)
 2 SYSTEMPATH\Model.php(394): CodeIgniter\Database\BaseBuilder->insert()
 3 SYSTEMPATH\BaseModel.php(839): CodeIgniter\Model->doInsert([...])
 4 SYSTEMPATH\Model.php(800): CodeIgniter\BaseModel->insert([...], true)
 5 APPPATH\Controllers\Personas_controller.php(48): CodeIgniter\Model->insert([...])
 6 SYSTEMPATH\CodeIgniter.php(933): App\Controllers\Personas_controller->add_consulta()
 7 SYSTEMPATH\CodeIgniter.php(507): CodeIgniter\CodeIgniter->runController(Object(App\Controllers\Personas_controller))
 8 SYSTEMPATH\CodeIgniter.php(354): CodeIgniter\CodeIgniter->handleRequest(null, Object(Config\Cache), false)
 9 SYSTEMPATH\Boot.php(334): CodeIgniter\CodeIgniter->run()
10 SYSTEMPATH\Boot.php(67): CodeIgniter\Boot::runCodeIgniter(Object(CodeIgniter\CodeIgniter))
11 FCPATH\index.php(56): CodeIgniter\Boot::bootWeb(Object(Config\Paths))
CRITICAL - 2025-05-20 14:00:37 --> [Caused by] CodeIgniter\Database\Exceptions\DatabaseException: Table 'bd_fernandezmercedess._arduino_de_michielisa.fiorella.mensaje' doesn't exist
in SYSTEMPATH\Database\MySQLi\Connection.php on line 332.
 1 SYSTEMPATH\Database\BaseConnection.php(738): CodeIgniter\Database\MySQLi\Connection->execute('INSERT INTO `mensaje` (`nombre_remitente`, `apellido_remitente`, `email_mensaje`, `contenido_mensaje`) VALUES (\'rwrww\', \'Perez\', \'popopop@gmail.com\', \'Lorem ipsum dolor sit amet consectetur adipisicing elit. Soluta architecto \')')
 2 SYSTEMPATH\Database\BaseConnection.php(652): CodeIgniter\Database\BaseConnection->simpleQuery('INSERT INTO `mensaje` (`nombre_remitente`, `apellido_remitente`, `email_mensaje`, `contenido_mensaje`) VALUES (\'rwrww\', \'Perez\', \'popopop@gmail.com\', \'Lorem ipsum dolor sit amet consectetur adipisicing elit. Soluta architecto \')')
 3 SYSTEMPATH\Database\BaseBuilder.php(2345): CodeIgniter\Database\BaseConnection->query('INSERT INTO `mensaje` (`nombre_remitente`, `apellido_remitente`, `email_mensaje`, `contenido_mensaje`) VALUES (:nombre_remitente:, :apellido_remitente:, :email_mensaje:, :contenido_mensaje:)', [...], false)
 4 SYSTEMPATH\Model.php(394): CodeIgniter\Database\BaseBuilder->insert()
 5 SYSTEMPATH\BaseModel.php(839): CodeIgniter\Model->doInsert([...])
 6 SYSTEMPATH\Model.php(800): CodeIgniter\BaseModel->insert([...], true)
 7 APPPATH\Controllers\Personas_controller.php(48): CodeIgniter\Model->insert([...])
 8 SYSTEMPATH\CodeIgniter.php(933): App\Controllers\Personas_controller->add_consulta()
 9 SYSTEMPATH\CodeIgniter.php(507): CodeIgniter\CodeIgniter->runController(Object(App\Controllers\Personas_controller))
10 SYSTEMPATH\CodeIgniter.php(354): CodeIgniter\CodeIgniter->handleRequest(null, Object(Config\Cache), false)
11 SYSTEMPATH\Boot.php(334): CodeIgniter\CodeIgniter->run()
12 SYSTEMPATH\Boot.php(67): CodeIgniter\Boot::runCodeIgniter(Object(CodeIgniter\CodeIgniter))
13 FCPATH\index.php(56): CodeIgniter\Boot::bootWeb(Object(Config\Paths))
CRITICAL - 2025-05-20 14:00:37 --> [Caused by] mysqli_sql_exception: Table 'bd_fernandezmercedess._arduino_de_michielisa.fiorella.mensaje' doesn't exist
in SYSTEMPATH\Database\MySQLi\Connection.php on line 327.
 1 SYSTEMPATH\Database\MySQLi\Connection.php(327): mysqli->query('INSERT INTO `mensaje` (`nombre_remitente`, `apellido_remitente`, `email_mensaje`, `contenido_mensaje`) VALUES (\'rwrww\', \'Perez\', \'popopop@gmail.com\', \'Lorem ipsum dolor sit amet consectetur adipisicing elit. Soluta architecto \')', 0)
 2 SYSTEMPATH\Database\BaseConnection.php(738): CodeIgniter\Database\MySQLi\Connection->execute('INSERT INTO `mensaje` (`nombre_remitente`, `apellido_remitente`, `email_mensaje`, `contenido_mensaje`) VALUES (\'rwrww\', \'Perez\', \'popopop@gmail.com\', \'Lorem ipsum dolor sit amet consectetur adipisicing elit. Soluta architecto \')')
 3 SYSTEMPATH\Database\BaseConnection.php(652): CodeIgniter\Database\BaseConnection->simpleQuery('INSERT INTO `mensaje` (`nombre_remitente`, `apellido_remitente`, `email_mensaje`, `contenido_mensaje`) VALUES (\'rwrww\', \'Perez\', \'popopop@gmail.com\', \'Lorem ipsum dolor sit amet consectetur adipisicing elit. Soluta architecto \')')
 4 SYSTEMPATH\Database\BaseBuilder.php(2345): CodeIgniter\Database\BaseConnection->query('INSERT INTO `mensaje` (`nombre_remitente`, `apellido_remitente`, `email_mensaje`, `contenido_mensaje`) VALUES (:nombre_remitente:, :apellido_remitente:, :email_mensaje:, :contenido_mensaje:)', [...], false)
 5 SYSTEMPATH\Model.php(394): CodeIgniter\Database\BaseBuilder->insert()
 6 SYSTEMPATH\BaseModel.php(839): CodeIgniter\Model->doInsert([...])
 7 SYSTEMPATH\Model.php(800): CodeIgniter\BaseModel->insert([...], true)
 8 APPPATH\Controllers\Personas_controller.php(48): CodeIgniter\Model->insert([...])
 9 SYSTEMPATH\CodeIgniter.php(933): App\Controllers\Personas_controller->add_consulta()
10 SYSTEMPATH\CodeIgniter.php(507): CodeIgniter\CodeIgniter->runController(Object(App\Controllers\Personas_controller))
11 SYSTEMPATH\CodeIgniter.php(354): CodeIgniter\CodeIgniter->handleRequest(null, Object(Config\Cache), false)
12 SYSTEMPATH\Boot.php(334): CodeIgniter\CodeIgniter->run()
13 SYSTEMPATH\Boot.php(67): CodeIgniter\Boot::runCodeIgniter(Object(CodeIgniter\CodeIgniter))
14 FCPATH\index.php(56): CodeIgniter\Boot::bootWeb(Object(Config\Paths))
DEBUG - 2025-05-20 14:01:45 --> Session: Class initialized using 'CodeIgniter\Session\Handlers\FileHandler' driver.
DEBUG - 2025-05-20 14:01:46 --> Session: Class initialized using 'CodeIgniter\Session\Handlers\FileHandler' driver.
DEBUG - 2025-05-20 14:01:59 --> Session: Class initialized using 'CodeIgniter\Session\Handlers\FileHandler' driver.
DEBUG - 2025-05-20 14:02:00 --> Session: Class initialized using 'CodeIgniter\Session\Handlers\FileHandler' driver.
